#
# There is insufficient memory for the Java Runtime Environment to continue.
# Native memory allocation (mmap) failed to map 2064384 bytes for G1 virtual space
# Possible reasons:
#   The system is out of physical RAM or swap space
#   The process is running with CompressedOops enabled, and the Java Heap may be blocking the growth of the native heap
# Possible solutions:
#   Reduce memory load on the system
#   Increase physical memory or swap space
#   Check if swap backing store is full
#   Decrease Java heap size (-Xmx/-Xms)
#   Decrease number of Java threads
#   Decrease Java thread stack sizes (-Xss)
#   Set larger code cache with -XX:ReservedCodeCacheSize=
#   JVM is running with Unscaled Compressed Oops mode in which the Java heap is
#     placed in the first 4GB address space. The Java Heap base address is the
#     maximum limit for the native heap growth. Please use -XX:HeapBaseMinAddress
#     to set the Java Heap base and to place the Java Heap above 4GB virtual address.
# This output file may be truncated or incomplete.
#
#  Out of Memory Error (os_windows.cpp:3469), pid=23864, tid=23948
#
# JRE version: Java(TM) SE Runtime Environment (17.0.1+12) (build 17.0.1+12-LTS-39)
# Java VM: Java HotSpot(TM) 64-Bit Server VM (17.0.1+12-LTS-39, mixed mode, emulated-client, sharing, tiered, compressed oops, compressed class ptrs, g1 gc, windows-amd64)
# No core dump will be written. Minidumps are not enabled by default on client versions of Windows
#

---------------  S U M M A R Y ------------

Command Line: -agentlib:jdwp=transport=dt_socket,address=127.0.0.1:61347,suspend=y,server=n -XX:TieredStopAtLevel=1 -Dspring.output.ansi.enabled=always -Dcom.sun.management.jmxremote -Dspring.jmx.enabled=true -Dspring.liveBeansView.mbeanDomain -Dspring.application.admin.enabled=true -Dmanagement.endpoints.jmx.exposure.include=* -javaagent:C:\Users\User\AppData\Local\JetBrains\IntelliJIdea2023.2\captureAgent\debugger-agent.jar -Dfile.encoding=UTF-8 com.healthcare_app.doctor_service.DoctorServiceApplication

Host: Intel(R) Core(TM) i7-1065G7 CPU @ 1.30GHz, 8 cores, 7G,  Windows 10 , 64 bit Build 19041 (10.0.19041.4717)
Time: Tue Aug 27 14:24:12 2024 Sri Lanka Standard Time elapsed time: 3.320071 seconds (0d 0h 0m 3s)

---------------  T H R E A D  ---------------

Current thread (0x00000196aa030200):  VMThread "VM Thread" [stack: 0x00000061f0500000,0x00000061f0600000] [id=23948]

Stack: [0x00000061f0500000,0x00000061f0600000]
Native frames: (J=compiled Java code, j=interpreted, Vv=VM code, C=native code)
V  [jvm.dll+0x66fa1a]
V  [jvm.dll+0x7ce5a4]
V  [jvm.dll+0x7cfd4e]
V  [jvm.dll+0x7d03b3]
V  [jvm.dll+0x242b05]
V  [jvm.dll+0x66ca39]
V  [jvm.dll+0x661502]
V  [jvm.dll+0x30081b]
V  [jvm.dll+0x307da6]
V  [jvm.dll+0x357a48]
V  [jvm.dll+0x357c4f]
V  [jvm.dll+0x2d7ad8]
V  [jvm.dll+0x2d5da4]
V  [jvm.dll+0x2d53ac]
V  [jvm.dll+0x3287cc]
V  [jvm.dll+0x7d484b]
V  [jvm.dll+0x7d5584]
V  [jvm.dll+0x7d5a9c]
V  [jvm.dll+0x7d5e74]
V  [jvm.dll+0x7d5f40]
V  [jvm.dll+0x77e91a]
V  [jvm.dll+0x66e845]
C  [ucrtbase.dll+0x21bb2]
C  [KERNEL32.DLL+0x17374]
C  [ntdll.dll+0x4cc91]

VM_Operation (0x00000061f21f96c0): CollectForMetadataAllocation, mode: safepoint, requested by thread 0x00000196ac521650


---------------  P R O C E S S  ---------------

Threads class SMR info:
_java_thread_list=0x00000196ac9cfa10, length=23, elements={
0x00000196982fc730, 0x00000196aa034450, 0x00000196aa036e10, 0x00000196aa048970,
0x00000196aa049230, 0x00000196aa049be0, 0x00000196aa04c5a0, 0x00000196aa04d000,
0x00000196aa05e750, 0x00000196aa023930, 0x00000196aacc9e40, 0x00000196aacd23f0,
0x00000196aacd6c10, 0x00000196aad2a870, 0x00000196aad426e0, 0x00000196aad42bd0,
0x00000196aad63ff0, 0x00000196ab3c4590, 0x00000196ab719440, 0x00000196ab714e20,
0x00000196ab756180, 0x00000196ab5ace20, 0x00000196ac521650
}

Java Threads: ( => current thread )
  0x00000196982fc730 JavaThread "main" [_thread_blocked, id=23920, stack(0x00000061eff00000,0x00000061f0000000)]
  0x00000196aa034450 JavaThread "Reference Handler" daemon [_thread_blocked, id=23952, stack(0x00000061f0600000,0x00000061f0700000)]
  0x00000196aa036e10 JavaThread "Finalizer" daemon [_thread_blocked, id=23956, stack(0x00000061f0700000,0x00000061f0800000)]
  0x00000196aa048970 JavaThread "Signal Dispatcher" daemon [_thread_blocked, id=23960, stack(0x00000061f0800000,0x00000061f0900000)]
  0x00000196aa049230 JavaThread "Attach Listener" daemon [_thread_blocked, id=23964, stack(0x00000061f0900000,0x00000061f0a00000)]
  0x00000196aa049be0 JavaThread "Service Thread" daemon [_thread_blocked, id=23968, stack(0x00000061f0a00000,0x00000061f0b00000)]
  0x00000196aa04c5a0 JavaThread "Monitor Deflation Thread" daemon [_thread_blocked, id=23972, stack(0x00000061f0b00000,0x00000061f0c00000)]
  0x00000196aa04d000 JavaThread "C1 CompilerThread0" daemon [_thread_blocked, id=23976, stack(0x00000061f0c00000,0x00000061f0d00000)]
  0x00000196aa05e750 JavaThread "Sweeper thread" daemon [_thread_blocked, id=23980, stack(0x00000061f0d00000,0x00000061f0e00000)]
  0x00000196aa023930 JavaThread "Common-Cleaner" daemon [_thread_blocked, id=23984, stack(0x00000061f0e00000,0x00000061f0f00000)]
  0x00000196aacc9e40 JavaThread "C1 CompilerThread1" daemon [_thread_blocked, id=23988, stack(0x00000061f0f00000,0x00000061f1000000)]
  0x00000196aacd23f0 JavaThread "C1 CompilerThread2" daemon [_thread_blocked, id=23992, stack(0x00000061f1000000,0x00000061f1100000)]
  0x00000196aacd6c10 JavaThread "C1 CompilerThread3" daemon [_thread_blocked, id=23996, stack(0x00000061f1100000,0x00000061f1200000)]
  0x00000196aad2a870 JavaThread "JDWP Transport Listener: dt_socket" daemon [_thread_blocked, id=24000, stack(0x00000061f1200000,0x00000061f1300000)]
  0x00000196aad426e0 JavaThread "JDWP Event Helper Thread" daemon [_thread_blocked, id=24004, stack(0x00000061f1300000,0x00000061f1400000)]
  0x00000196aad42bd0 JavaThread "JDWP Command Reader" daemon [_thread_in_native, id=24008, stack(0x00000061f1400000,0x00000061f1500000)]
  0x00000196aad63ff0 JavaThread "Notification Thread" daemon [_thread_blocked, id=24024, stack(0x00000061f1500000,0x00000061f1600000)]
  0x00000196ab3c4590 JavaThread "RMI TCP Accept-0" daemon [_thread_in_native, id=24040, stack(0x00000061f1600000,0x00000061f1700000)]
  0x00000196ab719440 JavaThread "RMI TCP Connection(1)-192.168.67.2" daemon [_thread_in_native, id=24100, stack(0x00000061f1f00000,0x00000061f2000000)]
  0x00000196ab714e20 JavaThread "RMI Scheduler(0)" daemon [_thread_blocked, id=24104, stack(0x00000061f2000000,0x00000061f2100000)]
  0x00000196ab756180 JavaThread "Thread-0" [_thread_blocked, id=24120, stack(0x00000061f2200000,0x00000061f2300000)]
  0x00000196ab5ace20 JavaThread "restartedMain" [_thread_blocked, id=24124, stack(0x00000061f2300000,0x00000061f2400000)]
  0x00000196ac521650 JavaThread "background-preinit" [_thread_blocked, id=24172, stack(0x00000061f2100000,0x00000061f2200000)]

Other Threads:
=>0x00000196aa030200 VMThread "VM Thread" [stack: 0x00000061f0500000,0x00000061f0600000] [id=23948]
  0x0000019698351f30 WatcherThread [stack: 0x00000061f1700000,0x00000061f1800000] [id=24044]
  0x000001969833a590 GCTaskThread "GC Thread#0" [stack: 0x00000061f0000000,0x00000061f0100000] [id=23928]
  0x00000196ab45f0b0 GCTaskThread "GC Thread#1" [stack: 0x00000061f1800000,0x00000061f1900000] [id=24056]
  0x00000196ab58a550 GCTaskThread "GC Thread#2" [stack: 0x00000061f1900000,0x00000061f1a00000] [id=24060]
  0x00000196ab5b7010 GCTaskThread "GC Thread#3" [stack: 0x00000061f1a00000,0x00000061f1b00000] [id=24064]
  0x00000196ab5b72c0 GCTaskThread "GC Thread#4" [stack: 0x00000061f1b00000,0x00000061f1c00000] [id=24068]
  0x00000196ab5b7b80 GCTaskThread "GC Thread#5" [stack: 0x00000061f1c00000,0x00000061f1d00000] [id=24072]
  0x00000196ab5b9e40 GCTaskThread "GC Thread#6" [stack: 0x00000061f1d00000,0x00000061f1e00000] [id=24076]
  0x00000196ab5c2100 GCTaskThread "GC Thread#7" [stack: 0x00000061f1e00000,0x00000061f1f00000] [id=24080]
  0x000001969834ac90 ConcurrentGCThread "G1 Main Marker" [stack: 0x00000061f0100000,0x00000061f0200000] [id=23932]
  0x000001969834b5a0 ConcurrentGCThread "G1 Conc#0" [stack: 0x00000061f0200000,0x00000061f0300000] [id=23936]
  0x00000196983be190 ConcurrentGCThread "G1 Refine#0" [stack: 0x00000061f0300000,0x00000061f0400000] [id=23940]
  0x00000196983beab0 ConcurrentGCThread "G1 Service" [stack: 0x00000061f0400000,0x00000061f0500000] [id=23944]

Threads with active compile tasks:

VM state: at safepoint (normal execution)

VM Mutex/Monitor currently owned by a thread:  ([mutex/lock_event])
[0x00000196982f8b00] Threads_lock - owner thread: 0x00000196aa030200
[0x00000196982f8d40] Heap_lock - owner thread: 0x00000196ac521650

Heap address: 0x0000000083a00000, size: 1990 MB, Compressed Oops mode: 32-bit

CDS archive(s) mapped at: [0x0000000800000000-0x0000000800bc0000-0x0000000800bc0000), size 12320768, SharedBaseAddress: 0x0000000800000000, ArchiveRelocationMode: 0.
Compressed class space mapped at: 0x0000000800c00000-0x0000000840c00000, reserved size: 1073741824
Narrow klass base: 0x0000000800000000, Narrow klass shift: 0, Narrow klass range: 0x100000000

GC Precious Log:
 CPUs: 8 total, 8 available
 Memory: 7959M
 Large Page Support: Disabled
 NUMA Support: Disabled
 Compressed Oops: Enabled (32-bit)
 Heap Region Size: 1M
 Heap Min Capacity: 8M
 Heap Initial Capacity: 126M
 Heap Max Capacity: 1990M
 Pre-touch: Disabled
 Parallel Workers: 8
 Concurrent Workers: 2
 Concurrent Refinement Workers: 8
 Periodic GC: Disabled

Heap:
 garbage-first heap   total 129024K, used 13221K [0x0000000083a00000, 0x0000000100000000)
  region size 1024K, 5 young (5120K), 5 survivors (5120K)
 Metaspace       used 21186K, committed 21504K, reserved 1073152K
  class space    used 2831K, committed 3008K, reserved 1048576K

Heap Regions: E=young(eden), S=young(survivor), O=old, HS=humongous(starts), HC=humongous(continues), CS=collection set, F=free, OA=open archive, CA=closed archive, TAMS=top-at-mark-start (previous, next)
|   0|0x0000000083a00000, 0x0000000083b00000, 0x0000000083b00000|100%|HS|  |TAMS 0x0000000083a00000, 0x0000000083b00000| Complete 
|   1|0x0000000083b00000, 0x0000000083c00000, 0x0000000083c00000|100%| O|  |TAMS 0x0000000083b00000, 0x0000000083c00000| Untracked 
|   2|0x0000000083c00000, 0x0000000083d00000, 0x0000000083d00000|100%| O|  |TAMS 0x0000000083c00000, 0x0000000083d00000| Untracked 
|   3|0x0000000083d00000, 0x0000000083e00000, 0x0000000083e00000|100%| O|  |TAMS 0x0000000083d00000, 0x0000000083e00000| Untracked 
|   4|0x0000000083e00000, 0x0000000083f00000, 0x0000000083f00000|100%| O|  |TAMS 0x0000000083e00000, 0x0000000083f00000| Untracked 
|   5|0x0000000083f00000, 0x0000000084000000, 0x0000000084000000|100%| O|  |TAMS 0x0000000083f00000, 0x0000000084000000| Untracked 
|   6|0x0000000084000000, 0x0000000084100000, 0x0000000084100000|100%| O|  |TAMS 0x0000000084000000, 0x0000000084100000| Untracked 
|   7|0x0000000084100000, 0x0000000084200000, 0x0000000084200000|100%| O|  |TAMS 0x0000000084100000, 0x0000000084200000| Untracked 
|   8|0x0000000084200000, 0x0000000084210400, 0x0000000084300000|  6%| O|  |TAMS 0x0000000084200000, 0x0000000084210400| Untracked 
|   9|0x0000000084300000, 0x0000000084300000, 0x0000000084400000|  0%| F|  |TAMS 0x0000000084300000, 0x0000000084300000| Untracked 
|  10|0x0000000084400000, 0x0000000084400000, 0x0000000084500000|  0%| F|  |TAMS 0x0000000084400000, 0x0000000084400000| Untracked 
|  11|0x0000000084500000, 0x0000000084500000, 0x0000000084600000|  0%| F|  |TAMS 0x0000000084500000, 0x0000000084500000| Untracked 
|  12|0x0000000084600000, 0x0000000084600000, 0x0000000084700000|  0%| F|  |TAMS 0x0000000084600000, 0x0000000084600000| Untracked 
|  13|0x0000000084700000, 0x0000000084700000, 0x0000000084800000|  0%| F|  |TAMS 0x0000000084700000, 0x0000000084700000| Untracked 
|  14|0x0000000084800000, 0x0000000084800000, 0x0000000084900000|  0%| F|  |TAMS 0x0000000084800000, 0x0000000084800000| Untracked 
|  15|0x0000000084900000, 0x0000000084900000, 0x0000000084a00000|  0%| F|  |TAMS 0x0000000084900000, 0x0000000084900000| Untracked 
|  16|0x0000000084a00000, 0x0000000084a00000, 0x0000000084b00000|  0%| F|  |TAMS 0x0000000084a00000, 0x0000000084a00000| Untracked 
|  17|0x0000000084b00000, 0x0000000084b00000, 0x0000000084c00000|  0%| F|  |TAMS 0x0000000084b00000, 0x0000000084b00000| Untracked 
|  18|0x0000000084c00000, 0x0000000084c00000, 0x0000000084d00000|  0%| F|  |TAMS 0x0000000084c00000, 0x0000000084c00000| Untracked 
|  19|0x0000000084d00000, 0x0000000084d00000, 0x0000000084e00000|  0%| F|  |TAMS 0x0000000084d00000, 0x0000000084d00000| Untracked 
|  20|0x0000000084e00000, 0x0000000084e00000, 0x0000000084f00000|  0%| F|  |TAMS 0x0000000084e00000, 0x0000000084e00000| Untracked 
|  21|0x0000000084f00000, 0x0000000084f00000, 0x0000000085000000|  0%| F|  |TAMS 0x0000000084f00000, 0x0000000084f00000| Untracked 
|  22|0x0000000085000000, 0x0000000085000000, 0x0000000085100000|  0%| F|  |TAMS 0x0000000085000000, 0x0000000085000000| Untracked 
|  23|0x0000000085100000, 0x0000000085100000, 0x0000000085200000|  0%| F|  |TAMS 0x0000000085100000, 0x0000000085100000| Untracked 
|  24|0x0000000085200000, 0x0000000085200000, 0x0000000085300000|  0%| F|  |TAMS 0x0000000085200000, 0x0000000085200000| Untracked 
|  25|0x0000000085300000, 0x0000000085300000, 0x0000000085400000|  0%| F|  |TAMS 0x0000000085300000, 0x0000000085300000| Untracked 
|  26|0x0000000085400000, 0x0000000085400000, 0x0000000085500000|  0%| F|  |TAMS 0x0000000085400000, 0x0000000085400000| Untracked 
|  27|0x0000000085500000, 0x0000000085500000, 0x0000000085600000|  0%| F|  |TAMS 0x0000000085500000, 0x0000000085500000| Untracked 
|  28|0x0000000085600000, 0x0000000085600000, 0x0000000085700000|  0%| F|  |TAMS 0x0000000085600000, 0x0000000085600000| Untracked 
|  29|0x0000000085700000, 0x0000000085700000, 0x0000000085800000|  0%| F|  |TAMS 0x0000000085700000, 0x0000000085700000| Untracked 
|  30|0x0000000085800000, 0x0000000085800000, 0x0000000085900000|  0%| F|  |TAMS 0x0000000085800000, 0x0000000085800000| Untracked 
|  31|0x0000000085900000, 0x0000000085900000, 0x0000000085a00000|  0%| F|  |TAMS 0x0000000085900000, 0x0000000085900000| Untracked 
|  32|0x0000000085a00000, 0x0000000085a00000, 0x0000000085b00000|  0%| F|  |TAMS 0x0000000085a00000, 0x0000000085a00000| Untracked 
|  33|0x0000000085b00000, 0x0000000085b00000, 0x0000000085c00000|  0%| F|  |TAMS 0x0000000085b00000, 0x0000000085b00000| Untracked 
|  34|0x0000000085c00000, 0x0000000085c00000, 0x0000000085d00000|  0%| F|  |TAMS 0x0000000085c00000, 0x0000000085c00000| Untracked 
|  35|0x0000000085d00000, 0x0000000085d00000, 0x0000000085e00000|  0%| F|  |TAMS 0x0000000085d00000, 0x0000000085d00000| Untracked 
|  36|0x0000000085e00000, 0x0000000085e00000, 0x0000000085f00000|  0%| F|  |TAMS 0x0000000085e00000, 0x0000000085e00000| Untracked 
|  37|0x0000000085f00000, 0x0000000085f00000, 0x0000000086000000|  0%| F|  |TAMS 0x0000000085f00000, 0x0000000085f00000| Untracked 
|  38|0x0000000086000000, 0x0000000086000000, 0x0000000086100000|  0%| F|  |TAMS 0x0000000086000000, 0x0000000086000000| Untracked 
|  39|0x0000000086100000, 0x0000000086100000, 0x0000000086200000|  0%| F|  |TAMS 0x0000000086100000, 0x0000000086100000| Untracked 
|  40|0x0000000086200000, 0x0000000086200000, 0x0000000086300000|  0%| F|  |TAMS 0x0000000086200000, 0x0000000086200000| Untracked 
|  41|0x0000000086300000, 0x0000000086300000, 0x0000000086400000|  0%| F|  |TAMS 0x0000000086300000, 0x0000000086300000| Untracked 
|  42|0x0000000086400000, 0x0000000086400000, 0x0000000086500000|  0%| F|  |TAMS 0x0000000086400000, 0x0000000086400000| Untracked 
|  43|0x0000000086500000, 0x0000000086500000, 0x0000000086600000|  0%| F|  |TAMS 0x0000000086500000, 0x0000000086500000| Untracked 
|  44|0x0000000086600000, 0x0000000086600000, 0x0000000086700000|  0%| F|  |TAMS 0x0000000086600000, 0x0000000086600000| Untracked 
|  45|0x0000000086700000, 0x0000000086700000, 0x0000000086800000|  0%| F|  |TAMS 0x0000000086700000, 0x0000000086700000| Untracked 
|  46|0x0000000086800000, 0x0000000086800000, 0x0000000086900000|  0%| F|  |TAMS 0x0000000086800000, 0x0000000086800000| Untracked 
|  47|0x0000000086900000, 0x0000000086900000, 0x0000000086a00000|  0%| F|  |TAMS 0x0000000086900000, 0x0000000086900000| Untracked 
|  48|0x0000000086a00000, 0x0000000086a00000, 0x0000000086b00000|  0%| F|  |TAMS 0x0000000086a00000, 0x0000000086a00000| Untracked 
|  49|0x0000000086b00000, 0x0000000086b00000, 0x0000000086c00000|  0%| F|  |TAMS 0x0000000086b00000, 0x0000000086b00000| Untracked 
|  50|0x0000000086c00000, 0x0000000086c00000, 0x0000000086d00000|  0%| F|  |TAMS 0x0000000086c00000, 0x0000000086c00000| Untracked 
|  51|0x0000000086d00000, 0x0000000086d00000, 0x0000000086e00000|  0%| F|  |TAMS 0x0000000086d00000, 0x0000000086d00000| Untracked 
|  52|0x0000000086e00000, 0x0000000086e00000, 0x0000000086f00000|  0%| F|  |TAMS 0x0000000086e00000, 0x0000000086e00000| Untracked 
|  53|0x0000000086f00000, 0x0000000086f00000, 0x0000000087000000|  0%| F|  |TAMS 0x0000000086f00000, 0x0000000086f00000| Untracked 
|  54|0x0000000087000000, 0x0000000087000000, 0x0000000087100000|  0%| F|  |TAMS 0x0000000087000000, 0x0000000087000000| Untracked 
|  55|0x0000000087100000, 0x0000000087100000, 0x0000000087200000|  0%| F|  |TAMS 0x0000000087100000, 0x0000000087100000| Untracked 
|  56|0x0000000087200000, 0x0000000087200000, 0x0000000087300000|  0%| F|  |TAMS 0x0000000087200000, 0x0000000087200000| Untracked 
|  57|0x0000000087300000, 0x0000000087300000, 0x0000000087400000|  0%| F|  |TAMS 0x0000000087300000, 0x0000000087300000| Untracked 
|  58|0x0000000087400000, 0x0000000087400000, 0x0000000087500000|  0%| F|  |TAMS 0x0000000087400000, 0x0000000087400000| Untracked 
|  59|0x0000000087500000, 0x0000000087500000, 0x0000000087600000|  0%| F|  |TAMS 0x0000000087500000, 0x0000000087500000| Untracked 
|  60|0x0000000087600000, 0x0000000087600000, 0x0000000087700000|  0%| F|  |TAMS 0x0000000087600000, 0x0000000087600000| Untracked 
|  61|0x0000000087700000, 0x0000000087700000, 0x0000000087800000|  0%| F|  |TAMS 0x0000000087700000, 0x0000000087700000| Untracked 
|  62|0x0000000087800000, 0x0000000087800000, 0x0000000087900000|  0%| F|  |TAMS 0x0000000087800000, 0x0000000087800000| Untracked 
|  63|0x0000000087900000, 0x0000000087900000, 0x0000000087a00000|  0%| F|  |TAMS 0x0000000087900000, 0x0000000087900000| Untracked 
|  64|0x0000000087a00000, 0x0000000087a00000, 0x0000000087b00000|  0%| F|  |TAMS 0x0000000087a00000, 0x0000000087a00000| Untracked 
|  65|0x0000000087b00000, 0x0000000087b00000, 0x0000000087c00000|  0%| F|  |TAMS 0x0000000087b00000, 0x0000000087b00000| Untracked 
|  66|0x0000000087c00000, 0x0000000087c00000, 0x0000000087d00000|  0%| F|  |TAMS 0x0000000087c00000, 0x0000000087c00000| Untracked 
|  67|0x0000000087d00000, 0x0000000087d00000, 0x0000000087e00000|  0%| F|  |TAMS 0x0000000087d00000, 0x0000000087d00000| Untracked 
|  68|0x0000000087e00000, 0x0000000087e00000, 0x0000000087f00000|  0%| F|  |TAMS 0x0000000087e00000, 0x0000000087e00000| Untracked 
|  69|0x0000000087f00000, 0x0000000087f00000, 0x0000000088000000|  0%| F|  |TAMS 0x0000000087f00000, 0x0000000087f00000| Untracked 
|  70|0x0000000088000000, 0x0000000088000000, 0x0000000088100000|  0%| F|  |TAMS 0x0000000088000000, 0x0000000088000000| Untracked 
|  71|0x0000000088100000, 0x0000000088100000, 0x0000000088200000|  0%| F|  |TAMS 0x0000000088100000, 0x0000000088100000| Untracked 
|  72|0x0000000088200000, 0x0000000088200000, 0x0000000088300000|  0%| F|  |TAMS 0x0000000088200000, 0x0000000088200000| Untracked 
|  73|0x0000000088300000, 0x0000000088300000, 0x0000000088400000|  0%| F|  |TAMS 0x0000000088300000, 0x0000000088300000| Untracked 
|  74|0x0000000088400000, 0x0000000088400000, 0x0000000088500000|  0%| F|  |TAMS 0x0000000088400000, 0x0000000088400000| Untracked 
|  75|0x0000000088500000, 0x00000000885d9380, 0x0000000088600000| 84%| S|CS|TAMS 0x0000000088500000, 0x0000000088500000| Complete 
|  76|0x0000000088600000, 0x0000000088700000, 0x0000000088700000|100%| S|CS|TAMS 0x0000000088600000, 0x0000000088600000| Complete 
|  77|0x0000000088700000, 0x0000000088800000, 0x0000000088800000|100%| S|CS|TAMS 0x0000000088700000, 0x0000000088700000| Complete 
|  78|0x0000000088800000, 0x0000000088900000, 0x0000000088900000|100%| S|CS|TAMS 0x0000000088800000, 0x0000000088800000| Complete 
|  79|0x0000000088900000, 0x0000000088a00000, 0x0000000088a00000|100%| S|CS|TAMS 0x0000000088900000, 0x0000000088900000| Complete 
|  80|0x0000000088a00000, 0x0000000088a00000, 0x0000000088b00000|  0%| F|  |TAMS 0x0000000088a00000, 0x0000000088a00000| Untracked 
|  81|0x0000000088b00000, 0x0000000088b00000, 0x0000000088c00000|  0%| F|  |TAMS 0x0000000088b00000, 0x0000000088b00000| Untracked 
|  82|0x0000000088c00000, 0x0000000088c00000, 0x0000000088d00000|  0%| F|  |TAMS 0x0000000088c00000, 0x0000000088c00000| Untracked 
|  83|0x0000000088d00000, 0x0000000088d00000, 0x0000000088e00000|  0%| F|  |TAMS 0x0000000088d00000, 0x0000000088d00000| Untracked 
|  84|0x0000000088e00000, 0x0000000088e00000, 0x0000000088f00000|  0%| F|  |TAMS 0x0000000088e00000, 0x0000000088e00000| Untracked 
|  85|0x0000000088f00000, 0x0000000088f00000, 0x0000000089000000|  0%| F|  |TAMS 0x0000000088f00000, 0x0000000088f00000| Untracked 
|  86|0x0000000089000000, 0x0000000089000000, 0x0000000089100000|  0%| F|  |TAMS 0x0000000089000000, 0x0000000089000000| Untracked 
|  87|0x0000000089100000, 0x0000000089100000, 0x0000000089200000|  0%| F|  |TAMS 0x0000000089100000, 0x0000000089100000| Untracked 
|  88|0x0000000089200000, 0x0000000089200000, 0x0000000089300000|  0%| F|  |TAMS 0x0000000089200000, 0x0000000089200000| Untracked 
|  89|0x0000000089300000, 0x0000000089300000, 0x0000000089400000|  0%| F|  |TAMS 0x0000000089300000, 0x0000000089300000| Untracked 
|  90|0x0000000089400000, 0x0000000089400000, 0x0000000089500000|  0%| F|  |TAMS 0x0000000089400000, 0x0000000089400000| Untracked 
|  91|0x0000000089500000, 0x0000000089500000, 0x0000000089600000|  0%| F|  |TAMS 0x0000000089500000, 0x0000000089500000| Untracked 
|  92|0x0000000089600000, 0x0000000089600000, 0x0000000089700000|  0%| F|  |TAMS 0x0000000089600000, 0x0000000089600000| Untracked 
|  93|0x0000000089700000, 0x0000000089700000, 0x0000000089800000|  0%| F|  |TAMS 0x0000000089700000, 0x0000000089700000| Untracked 
|  94|0x0000000089800000, 0x0000000089800000, 0x0000000089900000|  0%| F|  |TAMS 0x0000000089800000, 0x0000000089800000| Untracked 
|  95|0x0000000089900000, 0x0000000089900000, 0x0000000089a00000|  0%| F|  |TAMS 0x0000000089900000, 0x0000000089900000| Untracked 
|  96|0x0000000089a00000, 0x0000000089a00000, 0x0000000089b00000|  0%| F|  |TAMS 0x0000000089a00000, 0x0000000089a00000| Untracked 
|  97|0x0000000089b00000, 0x0000000089b00000, 0x0000000089c00000|  0%| F|  |TAMS 0x0000000089b00000, 0x0000000089b00000| Untracked 
|  98|0x0000000089c00000, 0x0000000089c00000, 0x0000000089d00000|  0%| F|  |TAMS 0x0000000089c00000, 0x0000000089c00000| Untracked 
|  99|0x0000000089d00000, 0x0000000089d00000, 0x0000000089e00000|  0%| F|  |TAMS 0x0000000089d00000, 0x0000000089d00000| Untracked 
| 100|0x0000000089e00000, 0x0000000089e00000, 0x0000000089f00000|  0%| F|  |TAMS 0x0000000089e00000, 0x0000000089e00000| Untracked 
| 101|0x0000000089f00000, 0x0000000089f00000, 0x000000008a000000|  0%| F|  |TAMS 0x0000000089f00000, 0x0000000089f00000| Untracked 
| 102|0x000000008a000000, 0x000000008a000000, 0x000000008a100000|  0%| F|  |TAMS 0x000000008a000000, 0x000000008a000000| Untracked 
| 103|0x000000008a100000, 0x000000008a100000, 0x000000008a200000|  0%| F|  |TAMS 0x000000008a100000, 0x000000008a100000| Untracked 
| 104|0x000000008a200000, 0x000000008a200000, 0x000000008a300000|  0%| F|  |TAMS 0x000000008a200000, 0x000000008a200000| Untracked 
| 105|0x000000008a300000, 0x000000008a300000, 0x000000008a400000|  0%| F|  |TAMS 0x000000008a300000, 0x000000008a300000| Untracked 
| 106|0x000000008a400000, 0x000000008a400000, 0x000000008a500000|  0%| F|  |TAMS 0x000000008a400000, 0x000000008a400000| Untracked 
| 107|0x000000008a500000, 0x000000008a500000, 0x000000008a600000|  0%| F|  |TAMS 0x000000008a500000, 0x000000008a500000| Untracked 
| 108|0x000000008a600000, 0x000000008a600000, 0x000000008a700000|  0%| F|  |TAMS 0x000000008a600000, 0x000000008a600000| Untracked 
| 109|0x000000008a700000, 0x000000008a700000, 0x000000008a800000|  0%| F|  |TAMS 0x000000008a700000, 0x000000008a700000| Untracked 
| 110|0x000000008a800000, 0x000000008a800000, 0x000000008a900000|  0%| F|  |TAMS 0x000000008a800000, 0x000000008a800000| Untracked 
| 111|0x000000008a900000, 0x000000008a900000, 0x000000008aa00000|  0%| F|  |TAMS 0x000000008a900000, 0x000000008a900000| Untracked 
| 112|0x000000008aa00000, 0x000000008aa00000, 0x000000008ab00000|  0%| F|  |TAMS 0x000000008aa00000, 0x000000008aa00000| Untracked 
| 113|0x000000008ab00000, 0x000000008ab00000, 0x000000008ac00000|  0%| F|  |TAMS 0x000000008ab00000, 0x000000008ab00000| Untracked 
| 114|0x000000008ac00000, 0x000000008ac00000, 0x000000008ad00000|  0%| F|  |TAMS 0x000000008ac00000, 0x000000008ac00000| Untracked 
| 115|0x000000008ad00000, 0x000000008ad00000, 0x000000008ae00000|  0%| F|  |TAMS 0x000000008ad00000, 0x000000008ad00000| Untracked 
| 116|0x000000008ae00000, 0x000000008ae00000, 0x000000008af00000|  0%| F|  |TAMS 0x000000008ae00000, 0x000000008ae00000| Untracked 
| 117|0x000000008af00000, 0x000000008af00000, 0x000000008b000000|  0%| F|  |TAMS 0x000000008af00000, 0x000000008af00000| Untracked 
| 118|0x000000008b000000, 0x000000008b000000, 0x000000008b100000|  0%| F|  |TAMS 0x000000008b000000, 0x000000008b000000| Untracked 
| 119|0x000000008b100000, 0x000000008b100000, 0x000000008b200000|  0%| F|  |TAMS 0x000000008b100000, 0x000000008b100000| Untracked 
| 120|0x000000008b200000, 0x000000008b200000, 0x000000008b300000|  0%| F|  |TAMS 0x000000008b200000, 0x000000008b200000| Untracked 
| 121|0x000000008b300000, 0x000000008b300000, 0x000000008b400000|  0%| F|  |TAMS 0x000000008b300000, 0x000000008b300000| Untracked 
| 122|0x000000008b400000, 0x000000008b400000, 0x000000008b500000|  0%| F|  |TAMS 0x000000008b400000, 0x000000008b400000| Untracked 
| 123|0x000000008b500000, 0x000000008b500000, 0x000000008b600000|  0%| F|  |TAMS 0x000000008b500000, 0x000000008b500000| Untracked 
| 124|0x000000008b600000, 0x000000008b600000, 0x000000008b700000|  0%| F|  |TAMS 0x000000008b600000, 0x000000008b600000| Untracked 
| 125|0x000000008b700000, 0x000000008b700000, 0x000000008b800000|  0%| F|  |TAMS 0x000000008b700000, 0x000000008b700000| Untracked 

Card table byte_map: [0x00000196a3000000,0x00000196a33f0000] _byte_map_base: 0x00000196a2be3000

Marking Bits (Prev, Next): (CMBitMap*) 0x000001969833aaa0, (CMBitMap*) 0x000001969833aae0
 Prev Bits: [0x00000196a37e0000, 0x00000196a56f8000)
 Next Bits: [0x00000196a5700000, 0x00000196a7618000)

Polling page: 0x0000019696280000

Metaspace:

Usage:
  Non-class:     17.92 MB used.
      Class:      2.77 MB used.
       Both:     20.69 MB used.

Virtual space:
  Non-class space:       24.00 MB reserved,      18.06 MB ( 75%) committed,  3 nodes.
      Class space:        1.00 GB reserved,       2.94 MB ( <1%) committed,  1 nodes.
             Both:        1.02 GB reserved,      21.00 MB (  2%) committed. 

Chunk freelists:
   Non-Class:  1.19 MB
       Class:  1.05 MB
        Both:  2.23 MB

MaxMetaspaceSize: unlimited
CompressedClassSpaceSize: 1.00 GB
Initial GC threshold: 21.00 MB
Current GC threshold: 21.00 MB
CDS: on
MetaspaceReclaimPolicy: balanced
 - commit_granule_bytes: 65536.
 - commit_granule_words: 8192.
 - virtual_space_node_default_size: 1048576.
 - enlarge_chunks_in_place: 1.
 - new_chunks_are_fully_committed: 0.
 - uncommit_free_chunks: 1.
 - use_allocation_guard: 0.
 - handle_deallocations: 1.


Internal statistics:

num_allocs_failed_limit: 3.
num_arena_births: 300.
num_arena_deaths: 0.
num_vsnodes_births: 4.
num_vsnodes_deaths: 0.
num_space_committed: 336.
num_space_uncommitted: 0.
num_chunks_returned_to_freelist: 3.
num_chunks_taken_from_freelist: 918.
num_chunk_merges: 3.
num_chunk_splits: 655.
num_chunks_enlarged: 507.
num_purges: 0.
num_inconsistent_stats: 0.

CodeCache: size=49152Kb used=6922Kb max_used=6922Kb free=42229Kb
 bounds [0x000001969faf0000, 0x00000196a01c0000, 0x00000196a2af0000]
 total_blobs=2989 nmethods=2475 adapters=438
 compilation: enabled
              stopped_count=0, restarted_count=0
 full_count=0

Compilation events (20 events):
Event: 3.296 Thread 0x00000196aa04d000 2466       1       org.springframework.util.Assert::hasLength (17 bytes)
Event: 3.297 Thread 0x00000196aa04d000 nmethod 2466 0x00000196a01ae810 code [0x00000196a01ae9c0, 0x00000196a01aeb68]
Event: 3.297 Thread 0x00000196aa04d000 2467       1       org.springframework.boot.autoconfigure.condition.OnClassCondition$StandardOutcomesResolver::getOutcome (45 bytes)
Event: 3.297 Thread 0x00000196aacd6c10 2468       1       org.springframework.boot.autoconfigure.condition.FilteringSpringBootCondition$ClassNameFilter$2::matches (14 bytes)
Event: 3.297 Thread 0x00000196aacc9e40 2469   !   1       org.springframework.boot.autoconfigure.condition.FilteringSpringBootCondition$ClassNameFilter::isPresent (19 bytes)
Event: 3.297 Thread 0x00000196aacd23f0 2470       1       org.springframework.boot.autoconfigure.condition.FilteringSpringBootCondition::resolve (16 bytes)
Event: 3.298 Thread 0x00000196aacd23f0 nmethod 2470 0x00000196a01aec90 code [0x00000196a01aee40, 0x00000196a01aefc8]
Event: 3.298 Thread 0x00000196aacc9e40 nmethod 2469 0x00000196a01af110 code [0x00000196a01af2e0, 0x00000196a01af4d8]
Event: 3.298 Thread 0x00000196aacd6c10 nmethod 2468 0x00000196a01af690 code [0x00000196a01af840, 0x00000196a01afa58]
Event: 3.300 Thread 0x00000196aa04d000 nmethod 2467 0x00000196a01afc10 code [0x00000196a01aff00, 0x00000196a01b0ad8]
Event: 3.308 Thread 0x00000196aacd6c10 2471       1       java.util.HashMap::remove (26 bytes)
Event: 3.308 Thread 0x00000196aacd6c10 nmethod 2471 0x00000196a01b1390 code [0x00000196a01b1540, 0x00000196a01b16f8]
Event: 3.308 Thread 0x00000196aacd6c10 2472       1       java.util.HashSet::remove (20 bytes)
Event: 3.308 Thread 0x00000196aa04d000 2473       1       java.util.LinkedHashSet::<init> (10 bytes)
Event: 3.308 Thread 0x00000196aacd23f0 2474       1       java.util.TreeMap::rotateLeft (96 bytes)
Event: 3.308 Thread 0x00000196aacd6c10 nmethod 2472 0x00000196a01b1810 code [0x00000196a01b19a0, 0x00000196a01b1ac8]
Event: 3.309 Thread 0x00000196aacd6c10 2475       1       org.springframework.boot.autoconfigure.condition.ConditionOutcome::isMatch (5 bytes)
Event: 3.309 Thread 0x00000196aa04d000 nmethod 2473 0x00000196a01b1b90 code [0x00000196a01b1d60, 0x00000196a01b1f48]
Event: 3.309 Thread 0x00000196aacd6c10 nmethod 2475 0x00000196a01b2790 code [0x00000196a01b2920, 0x00000196a01b29f8]
Event: 3.309 Thread 0x00000196aacd23f0 nmethod 2474 0x00000196a01b2090 code [0x00000196a01b2240, 0x00000196a01b2638]

GC Heap History (13 events):
Event: 1.287 GC heap before
{Heap before GC invocations=0 (full 0):
 garbage-first heap   total 129024K, used 23552K [0x0000000083a00000, 0x0000000100000000)
  region size 1024K, 23 young (23552K), 0 survivors (0K)
 Metaspace       used 5491K, committed 5696K, reserved 1056768K
  class space    used 652K, committed 768K, reserved 1048576K
}
Event: 1.295 GC heap after
{Heap after GC invocations=1 (full 0):
 garbage-first heap   total 129024K, used 6994K [0x0000000083a00000, 0x0000000100000000)
  region size 1024K, 3 young (3072K), 3 survivors (3072K)
 Metaspace       used 5491K, committed 5696K, reserved 1056768K
  class space    used 652K, committed 768K, reserved 1048576K
}
Event: 1.611 GC heap before
{Heap before GC invocations=1 (full 0):
 garbage-first heap   total 129024K, used 31570K [0x0000000083a00000, 0x0000000100000000)
  region size 1024K, 28 young (28672K), 3 survivors (3072K)
 Metaspace       used 7974K, committed 8192K, reserved 1056768K
  class space    used 989K, committed 1088K, reserved 1048576K
}
Event: 1.618 GC heap after
{Heap after GC invocations=2 (full 0):
 garbage-first heap   total 129024K, used 8578K [0x0000000083a00000, 0x0000000100000000)
  region size 1024K, 2 young (2048K), 2 survivors (2048K)
 Metaspace       used 7974K, committed 8192K, reserved 1056768K
  class space    used 989K, committed 1088K, reserved 1048576K
}
Event: 1.645 GC heap before
{Heap before GC invocations=2 (full 0):
 garbage-first heap   total 129024K, used 60802K [0x0000000083a00000, 0x0000000100000000)
  region size 1024K, 54 young (55296K), 2 survivors (2048K)
 Metaspace       used 7997K, committed 8192K, reserved 1056768K
  class space    used 994K, committed 1088K, reserved 1048576K
}
Event: 1.648 GC heap after
{Heap after GC invocations=3 (full 0):
 garbage-first heap   total 129024K, used 8686K [0x0000000083a00000, 0x0000000100000000)
  region size 1024K, 2 young (2048K), 2 survivors (2048K)
 Metaspace       used 7997K, committed 8192K, reserved 1056768K
  class space    used 994K, committed 1088K, reserved 1048576K
}
Event: 2.030 GC heap before
{Heap before GC invocations=3 (full 0):
 garbage-first heap   total 129024K, used 82414K [0x0000000083a00000, 0x0000000100000000)
  region size 1024K, 75 young (76800K), 2 survivors (2048K)
 Metaspace       used 10125K, committed 10368K, reserved 1064960K
  class space    used 1303K, committed 1408K, reserved 1048576K
}
Event: 2.034 GC heap after
{Heap after GC invocations=4 (full 0):
 garbage-first heap   total 129024K, used 9216K [0x0000000083a00000, 0x0000000100000000)
  region size 1024K, 2 young (2048K), 2 survivors (2048K)
 Metaspace       used 10125K, committed 10368K, reserved 1064960K
  class space    used 1303K, committed 1408K, reserved 1048576K
}
Event: 3.137 GC heap before
{Heap before GC invocations=4 (full 0):
 garbage-first heap   total 129024K, used 82944K [0x0000000083a00000, 0x0000000100000000)
  region size 1024K, 75 young (76800K), 2 survivors (2048K)
 Metaspace       used 19293K, committed 19584K, reserved 1073152K
  class space    used 2624K, committed 2752K, reserved 1048576K
}
Event: 3.145 GC heap after
{Heap after GC invocations=5 (full 0):
 garbage-first heap   total 129024K, used 12633K [0x0000000083a00000, 0x0000000100000000)
  region size 1024K, 6 young (6144K), 6 survivors (6144K)
 Metaspace       used 19293K, committed 19584K, reserved 1073152K
  class space    used 2624K, committed 2752K, reserved 1048576K
}
Event: 3.157 GC heap before
{Heap before GC invocations=5 (full 0):
 garbage-first heap   total 129024K, used 82265K [0x0000000083a00000, 0x0000000100000000)
  region size 1024K, 75 young (76800K), 6 survivors (6144K)
 Metaspace       used 19303K, committed 19584K, reserved 1073152K
  class space    used 2626K, committed 2752K, reserved 1048576K
}
Event: 3.163 GC heap after
{Heap after GC invocations=6 (full 0):
 garbage-first heap   total 129024K, used 12896K [0x0000000083a00000, 0x0000000100000000)
  region size 1024K, 5 young (5120K), 5 survivors (5120K)
 Metaspace       used 19303K, committed 19584K, reserved 1073152K
  class space    used 2626K, committed 2752K, reserved 1048576K
}
Event: 3.313 GC heap before
{Heap before GC invocations=6 (full 0):
 garbage-first heap   total 129024K, used 57952K [0x0000000083a00000, 0x0000000100000000)
  region size 1024K, 51 young (52224K), 5 survivors (5120K)
 Metaspace       used 21186K, committed 21504K, reserved 1073152K
  class space    used 2831K, committed 3008K, reserved 1048576K
}

Deoptimization events (20 events):
Event: 3.312 Thread 0x00000196ab5ace20 DEOPT PACKING pc=0x00000196a01a853c sp=0x00000061f23fcf90
Event: 3.312 Thread 0x00000196ab5ace20 DEOPT UNPACKING pc=0x000001969fb46763 sp=0x00000061f23fc560 mode 1
Event: 3.312 Thread 0x00000196ab5ace20 DEOPT PACKING pc=0x000001969ff4dedc sp=0x00000061f23fc530
Event: 3.312 Thread 0x00000196ab5ace20 DEOPT UNPACKING pc=0x000001969fb46763 sp=0x00000061f23fb9c8 mode 1
Event: 3.312 Thread 0x00000196ab5ace20 DEOPT PACKING pc=0x000001969ff4d17c sp=0x00000061f23fc600
Event: 3.312 Thread 0x00000196ab5ace20 DEOPT UNPACKING pc=0x000001969fb46763 sp=0x00000061f23fbab8 mode 1
Event: 3.312 Thread 0x00000196ab5ace20 DEOPT PACKING pc=0x000001969ff12a54 sp=0x00000061f23fcfe0
Event: 3.312 Thread 0x00000196ab5ace20 DEOPT UNPACKING pc=0x000001969fb46763 sp=0x00000061f23fc4d0 mode 1
Event: 3.312 Thread 0x00000196ab5ace20 DEOPT PACKING pc=0x000001969ff4d17c sp=0x00000061f23fd150
Event: 3.312 Thread 0x00000196ab5ace20 DEOPT UNPACKING pc=0x000001969fb46763 sp=0x00000061f23fc608 mode 1
Event: 3.312 Thread 0x00000196ab5ace20 DEOPT PACKING pc=0x000001969ff12a54 sp=0x00000061f23fdb30
Event: 3.312 Thread 0x00000196ab5ace20 DEOPT UNPACKING pc=0x000001969fb46763 sp=0x00000061f23fd008 mode 1
Event: 3.312 Thread 0x00000196ab5ace20 DEOPT PACKING pc=0x00000196a01af3a4 sp=0x00000061f23fdbd0
Event: 3.312 Thread 0x00000196ab5ace20 DEOPT UNPACKING pc=0x000001969fb46763 sp=0x00000061f23fd088 mode 1
Event: 3.313 Thread 0x00000196ab5ace20 DEOPT PACKING pc=0x00000196a01a54ac sp=0x00000061f23fcc50
Event: 3.313 Thread 0x00000196ab5ace20 DEOPT UNPACKING pc=0x000001969fb46763 sp=0x00000061f23fc188 mode 1
Event: 3.313 Thread 0x00000196ab5ace20 DEOPT PACKING pc=0x00000196a01a63d4 sp=0x00000061f23fcd40
Event: 3.313 Thread 0x00000196ab5ace20 DEOPT UNPACKING pc=0x000001969fb46763 sp=0x00000061f23fc2f0 mode 1
Event: 3.313 Thread 0x00000196ab5ace20 DEOPT PACKING pc=0x00000196a01a853c sp=0x00000061f23fceb0
Event: 3.313 Thread 0x00000196ab5ace20 DEOPT UNPACKING pc=0x000001969fb46763 sp=0x00000061f23fc480 mode 1

Classes unloaded (0 events):
No events

Classes redefined (0 events):
No events

Internal exceptions (20 events):
Event: 2.185 Thread 0x00000196ab5ace20 Exception <a 'java/lang/NoSuchMethodError'{0x000000008b15fa90}: 'java.lang.Object java.lang.invoke.Invokers$Holder.linkToTargetMethod(java.lang.Object, java.lang.Object, int, java.lang.Object, java.lang.Object)'> (0x000000008b15fa90) 
thrown [t:\workspace\open\src\hotspot\share\interpreter\linkResolver.cpp, line 766]
Event: 2.186 Thread 0x00000196ab5ace20 Exception <a 'java/lang/NoSuchMethodError'{0x000000008b1707a0}: 'java.lang.Object java.lang.invoke.DirectMethodHandle$Holder.newInvokeSpecial(java.lang.Object, int, java.lang.Object)'> (0x000000008b1707a0) 
thrown [t:\workspace\open\src\hotspot\share\interpreter\linkResolver.cpp, line 766]
Event: 2.187 Thread 0x00000196ab5ace20 Exception <a 'java/lang/NoSuchMethodError'{0x000000008b1747f8}: 'int java.lang.invoke.DirectMethodHandle$Holder.invokeSpecialIFC(java.lang.Object, java.lang.Object, java.lang.Object, java.lang.Object)'> (0x000000008b1747f8) 
thrown [t:\workspace\open\src\hotspot\share\interpreter\linkResolver.cpp, line 766]
Event: 2.206 Thread 0x00000196ab719440 Exception <a 'java/lang/reflect/InvocationTargetException'{0x000000008b07b030}> (0x000000008b07b030) 
thrown [t:\workspace\open\src\hotspot\share\runtime\reflection.cpp, line 1121]
Event: 2.213 Thread 0x00000196ab5ace20 Exception <a 'java/lang/NoSuchMethodError'{0x000000008b0c3d70}: 'void java.lang.invoke.DirectMethodHandle$Holder.invokeInterface(java.lang.Object, java.lang.Object, java.lang.Object)'> (0x000000008b0c3d70) 
thrown [t:\workspace\open\src\hotspot\share\interpreter\linkResolver.cpp, line 766]
Event: 2.240 Thread 0x00000196ab5ace20 Exception <a 'java/lang/NoSuchMethodError'{0x000000008af7df80}: 'java.lang.Object java.lang.invoke.DirectMethodHandle$Holder.invokeVirtual(java.lang.Object, java.lang.Object, java.lang.Object)'> (0x000000008af7df80) 
thrown [t:\workspace\open\src\hotspot\share\interpreter\linkResolver.cpp, line 766]
Event: 2.267 Thread 0x00000196ab5ace20 Exception <a 'java/lang/NoSuchMethodError'{0x000000008ae908c0}: 'void java.lang.invoke.DirectMethodHandle$Holder.invokeStatic(java.lang.Object, java.lang.Object, int)'> (0x000000008ae908c0) 
thrown [t:\workspace\open\src\hotspot\share\interpreter\linkResolver.cpp, line 766]
Event: 2.271 Thread 0x00000196ab5ace20 Exception <a 'java/lang/NoSuchMethodError'{0x000000008aead618}: 'void java.lang.invoke.DirectMethodHandle$Holder.invokeStaticInit(java.lang.Object, java.lang.Object, java.lang.Object)'> (0x000000008aead618) 
thrown [t:\workspace\open\src\hotspot\share\interpreter\linkResolver.cpp, line 766]
Event: 2.278 Thread 0x00000196ab5ace20 Exception <a 'java/lang/NoSuchMethodError'{0x000000008ad0f1a0}: 'java.lang.Object java.lang.invoke.DirectMethodHandle$Holder.invokeStatic(java.lang.Object, java.lang.Object, long, java.lang.Object)'> (0x000000008ad0f1a0) 
thrown [t:\workspace\open\src\hotspot\share\interpreter\linkResolver.cpp, line 766]
Event: 2.278 Thread 0x00000196ab5ace20 Exception <a 'java/lang/NoSuchMethodError'{0x000000008ad12c38}: 'java.lang.Object java.lang.invoke.DirectMethodHandle$Holder.invokeStaticInit(java.lang.Object, java.lang.Object, long, java.lang.Object)'> (0x000000008ad12c38) 
thrown [t:\workspace\open\src\hotspot\share\interpreter\linkResolver.cpp, line 766]
Event: 2.279 Thread 0x00000196ab5ace20 Exception <a 'java/lang/NoSuchMethodError'{0x000000008ad191b8}: 'java.lang.Object java.lang.invoke.DirectMethodHandle$Holder.newInvokeSpecial(java.lang.Object, java.lang.Object, long)'> (0x000000008ad191b8) 
thrown [t:\workspace\open\src\hotspot\share\interpreter\linkResolver.cpp, line 766]
Event: 2.297 Thread 0x00000196ab5ace20 Exception <a 'java/lang/NoSuchMethodError'{0x000000008ad89ed8}: 'void java.lang.invoke.DirectMethodHandle$Holder.invokeVirtual(java.lang.Object, java.lang.Object, java.lang.Object, java.lang.Object)'> (0x000000008ad89ed8) 
thrown [t:\workspace\open\src\hotspot\share\interpreter\linkResolver.cpp, line 766]
Event: 2.356 Thread 0x00000196ab5ace20 Exception <a 'java/lang/NoSuchMethodError'{0x000000008ab2b290}: 'void java.lang.invoke.DirectMethodHandle$Holder.invokeSpecial(java.lang.Object, java.lang.Object, java.lang.Object)'> (0x000000008ab2b290) 
thrown [t:\workspace\open\src\hotspot\share\interpreter\linkResolver.cpp, line 766]
Event: 2.364 Thread 0x00000196ab5ace20 Exception <a 'java/lang/IncompatibleClassChangeError'{0x000000008ab62488}: Found class java.lang.Object, but interface was expected> (0x000000008ab62488) 
thrown [t:\workspace\open\src\hotspot\share\interpreter\linkResolver.cpp, line 833]
Event: 2.718 Thread 0x00000196ab719440 Exception <a 'java/lang/reflect/InvocationTargetException'{0x0000000089703a00}> (0x0000000089703a00) 
thrown [t:\workspace\open\src\hotspot\share\runtime\reflection.cpp, line 1121]
Event: 2.834 Thread 0x00000196ab5ace20 Exception <a 'sun/nio/fs/WindowsException'{0x00000000892cbf00}> (0x00000000892cbf00) 
thrown [t:\workspace\open\src\hotspot\share\prims\jni.cpp, line 516]
Event: 2.835 Thread 0x00000196ab5ace20 Exception <a 'java/lang/NoSuchMethodError'{0x00000000892cd618}: 'int java.lang.invoke.DirectMethodHandle$Holder.invokeSpecial(java.lang.Object, java.lang.Object, java.lang.Object, java.lang.Object, java.lang.Object)'> (0x00000000892cd618) 
thrown [t:\workspace\open\src\hotspot\share\interpreter\linkResolver.cpp, line 766]
Event: 2.839 Thread 0x00000196ab5ace20 Exception <a 'java/lang/NoSuchMethodError'{0x00000000892da358}: 'void java.lang.invoke.DirectMethodHandle$Holder.invokeVirtual(java.lang.Object, java.lang.Object)'> (0x00000000892da358) 
thrown [t:\workspace\open\src\hotspot\share\interpreter\linkResolver.cpp, line 766]
Event: 2.885 Thread 0x00000196ab5ace20 Implicit null exception at 0x00000196a00ef05a to 0x00000196a00ef823
Event: 3.228 Thread 0x00000196ab719440 Exception <a 'java/lang/reflect/InvocationTargetException'{0x000000008918d3b0}> (0x000000008918d3b0) 
thrown [t:\workspace\open\src\hotspot\share\runtime\reflection.cpp, line 1121]

VM Operations (20 events):
Event: 2.034 Executing VM operation: G1CollectForAllocation done
Event: 2.034 Executing VM operation: Cleanup
Event: 2.034 Executing VM operation: Cleanup done
Event: 2.347 Executing VM operation: HandshakeAllThreads
Event: 2.347 Executing VM operation: HandshakeAllThreads done
Event: 2.353 Executing VM operation: HandshakeAllThreads
Event: 2.353 Executing VM operation: HandshakeAllThreads done
Event: 2.702 Executing VM operation: HandshakeAllThreads
Event: 2.702 Executing VM operation: HandshakeAllThreads done
Event: 2.777 Executing VM operation: ICBufferFull
Event: 2.778 Executing VM operation: ICBufferFull done
Event: 2.797 Executing VM operation: HandshakeAllThreads
Event: 2.798 Executing VM operation: HandshakeAllThreads done
Event: 3.137 Executing VM operation: G1CollectForAllocation
Event: 3.145 Executing VM operation: G1CollectForAllocation done
Event: 3.145 Executing VM operation: Cleanup
Event: 3.146 Executing VM operation: Cleanup done
Event: 3.157 Executing VM operation: G1CollectForAllocation
Event: 3.163 Executing VM operation: G1CollectForAllocation done
Event: 3.313 Executing VM operation: CollectForMetadataAllocation

Events (20 events):
Event: 3.310 loading class org/springframework/web/reactive/HandlerResult
Event: 3.310 loading class org/springframework/web/reactive/HandlerResult done
Event: 3.311 loading class com/fasterxml/jackson/databind/deser/std/StringCollectionDeserializer
Event: 3.311 loading class com/fasterxml/jackson/databind/deser/std/StringCollectionDeserializer done
Event: 3.311 loading class org/springframework/web/reactive/HandlerResult
Event: 3.311 loading class org/springframework/web/reactive/HandlerResult done
Event: 3.311 loading class org/springframework/web/reactive/HandlerResult
Event: 3.311 loading class org/springframework/web/reactive/HandlerResult done
Event: 3.312 loading class com/fasterxml/jackson/databind/deser/std/UntypedObjectDeserializer
Event: 3.312 loading class com/fasterxml/jackson/databind/deser/std/UntypedObjectDeserializer done
Event: 3.312 loading class org/springframework/web/reactive/HandlerResult
Event: 3.312 loading class org/springframework/web/reactive/HandlerResult done
Event: 3.312 loading class org/springframework/boot/autoconfigure/condition/ConditionalOnBean
Event: 3.312 loading class org/springframework/boot/autoconfigure/condition/ConditionalOnBean done
Event: 3.312 loading class com/fasterxml/jackson/databind/deser/std/StringDeserializer
Event: 3.312 loading class com/fasterxml/jackson/databind/deser/std/StringDeserializer done
Event: 3.313 loading class com/fasterxml/jackson/databind/deser/std/MapEntryDeserializer
Event: 3.313 loading class com/fasterxml/jackson/databind/deser/std/MapEntryDeserializer done
Event: 3.313 loading class org/springframework/boot/actuate/audit/AuditEventRepository
Event: 3.313 loading class org/springframework/boot/actuate/audit/AuditEventRepository done


Dynamic libraries:
0x00007ff7a4140000 - 0x00007ff7a4150000 	C:\Program Files\Java\jdk-17.0.1\bin\java.exe
0x00007ffd898b0000 - 0x00007ffd89aa8000 	C:\WINDOWS\SYSTEM32\ntdll.dll
0x00007ffd883e0000 - 0x00007ffd884a1000 	C:\WINDOWS\System32\KERNEL32.DLL
0x00007ffd875b0000 - 0x00007ffd878ad000 	C:\WINDOWS\System32\KERNELBASE.dll
0x00007ffd87060000 - 0x00007ffd87160000 	C:\WINDOWS\System32\ucrtbase.dll
0x00007ffcf3f30000 - 0x00007ffcf3f48000 	C:\Program Files\Java\jdk-17.0.1\bin\jli.dll
0x00007ffd88330000 - 0x00007ffd883e0000 	C:\WINDOWS\System32\ADVAPI32.dll
0x00007ffd88d60000 - 0x00007ffd88dfe000 	C:\WINDOWS\System32\msvcrt.dll
0x00007ffd88e30000 - 0x00007ffd88ed0000 	C:\WINDOWS\System32\sechost.dll
0x00007ffcf3b20000 - 0x00007ffcf3b3a000 	C:\Program Files\Java\jdk-17.0.1\bin\VCRUNTIME140.dll
0x00007ffd87c20000 - 0x00007ffd87d43000 	C:\WINDOWS\System32\RPCRT4.dll
0x00007ffd878b0000 - 0x00007ffd878d7000 	C:\WINDOWS\System32\bcrypt.dll
0x00007ffd884f0000 - 0x00007ffd8868d000 	C:\WINDOWS\System32\USER32.dll
0x00007ffd87370000 - 0x00007ffd87392000 	C:\WINDOWS\System32\win32u.dll
0x00007ffd6e460000 - 0x00007ffd6e6fa000 	C:\WINDOWS\WinSxS\amd64_microsoft.windows.common-controls_6595b64144ccf1df_6.0.19041.4355_none_60b8b9eb71f62e16\COMCTL32.dll
0x00007ffd88e00000 - 0x00007ffd88e2b000 	C:\WINDOWS\System32\GDI32.dll
0x00007ffd87490000 - 0x00007ffd875a7000 	C:\WINDOWS\System32\gdi32full.dll
0x00007ffd873f0000 - 0x00007ffd8748d000 	C:\WINDOWS\System32\msvcp_win.dll
0x00007ffd7eab0000 - 0x00007ffd7eaba000 	C:\WINDOWS\SYSTEM32\VERSION.dll
0x00007ffd884c0000 - 0x00007ffd884ef000 	C:\WINDOWS\System32\IMM32.DLL
0x00007ffd83f20000 - 0x00007ffd83f2c000 	C:\Program Files\Java\jdk-17.0.1\bin\vcruntime140_1.dll
0x00007ffce6e60000 - 0x00007ffce6eed000 	C:\Program Files\Java\jdk-17.0.1\bin\msvcp140.dll
0x00007ffcdc5c0000 - 0x00007ffcdd17e000 	C:\Program Files\Java\jdk-17.0.1\bin\server\jvm.dll
0x00007ffd87d50000 - 0x00007ffd87d58000 	C:\WINDOWS\System32\PSAPI.DLL
0x00007ffd710f0000 - 0x00007ffd710f9000 	C:\WINDOWS\SYSTEM32\WSOCK32.dll
0x00007ffd854c0000 - 0x00007ffd854e7000 	C:\WINDOWS\SYSTEM32\WINMM.dll
0x00007ffd89800000 - 0x00007ffd8986b000 	C:\WINDOWS\System32\WS2_32.dll
0x00007ffd85730000 - 0x00007ffd85742000 	C:\WINDOWS\SYSTEM32\kernel.appcore.dll
0x00007ffd15c00000 - 0x00007ffd15c0a000 	C:\Program Files\Java\jdk-17.0.1\bin\jimage.dll
0x00007ffd852d0000 - 0x00007ffd854b4000 	C:\WINDOWS\SYSTEM32\DBGHELP.DLL
0x00007ffd84af0000 - 0x00007ffd84b24000 	C:\WINDOWS\SYSTEM32\dbgcore.DLL
0x00007ffd86fd0000 - 0x00007ffd87052000 	C:\WINDOWS\System32\bcryptPrimitives.dll
0x00007ffcefe70000 - 0x00007ffcefeab000 	C:\Program Files\Java\jdk-17.0.1\bin\jdwp.dll
0x00007ffd16760000 - 0x00007ffd1676e000 	C:\Program Files\Java\jdk-17.0.1\bin\instrument.dll
0x00007ffcefeb0000 - 0x00007ffcefed5000 	C:\Program Files\Java\jdk-17.0.1\bin\java.dll
0x00007ffcf3b50000 - 0x00007ffcf3b68000 	C:\Program Files\Java\jdk-17.0.1\bin\zip.dll
0x00007ffcde9e0000 - 0x00007ffcdeab6000 	C:\Program Files\Java\jdk-17.0.1\bin\svml.dll
0x00007ffd88f60000 - 0x00007ffd896cf000 	C:\WINDOWS\System32\SHELL32.dll
0x00007ffd84b30000 - 0x00007ffd852cf000 	C:\WINDOWS\SYSTEM32\windows.storage.dll
0x00007ffd88740000 - 0x00007ffd88a93000 	C:\WINDOWS\System32\combase.dll
0x00007ffd86980000 - 0x00007ffd869ae000 	C:\WINDOWS\SYSTEM32\Wldp.dll
0x00007ffd87b50000 - 0x00007ffd87c1d000 	C:\WINDOWS\System32\OLEAUT32.dll
0x00007ffd88690000 - 0x00007ffd8873d000 	C:\WINDOWS\System32\SHCORE.dll
0x00007ffd88f00000 - 0x00007ffd88f55000 	C:\WINDOWS\System32\shlwapi.dll
0x00007ffd86e90000 - 0x00007ffd86eb4000 	C:\WINDOWS\SYSTEM32\profapi.dll
0x00007ffd16740000 - 0x00007ffd1674c000 	C:\Program Files\Java\jdk-17.0.1\bin\dt_socket.dll
0x00007ffd86330000 - 0x00007ffd8636b000 	C:\WINDOWS\SYSTEM32\IPHLPAPI.DLL
0x00007ffd86690000 - 0x00007ffd866fa000 	C:\WINDOWS\system32\mswsock.dll
0x00007ffd474c0000 - 0x00007ffd474d9000 	C:\Program Files\Java\jdk-17.0.1\bin\net.dll
0x00007ffd7e710000 - 0x00007ffd7e81d000 	C:\WINDOWS\SYSTEM32\WINHTTP.dll
0x00007ffd15ce0000 - 0x00007ffd15cf5000 	C:\Program Files\Java\jdk-17.0.1\bin\nio.dll
0x00007ffd86380000 - 0x00007ffd8644a000 	C:\WINDOWS\SYSTEM32\DNSAPI.dll
0x00007ffd88ef0000 - 0x00007ffd88ef8000 	C:\WINDOWS\System32\NSI.dll
0x00007ffd7fd40000 - 0x00007ffd7fd4a000 	C:\Windows\System32\rasadhlp.dll
0x00007ffd7ba40000 - 0x00007ffd7bac0000 	C:\WINDOWS\System32\fwpuclnt.dll
0x00007ffd16420000 - 0x00007ffd16429000 	C:\Program Files\Java\jdk-17.0.1\bin\management.dll
0x00007ffd16410000 - 0x00007ffd1641b000 	C:\Program Files\Java\jdk-17.0.1\bin\management_ext.dll
0x00007ffd86860000 - 0x00007ffd86878000 	C:\WINDOWS\SYSTEM32\CRYPTSP.dll
0x00007ffd85f50000 - 0x00007ffd85f84000 	C:\WINDOWS\system32\rsaenh.dll
0x00007ffd86e00000 - 0x00007ffd86e2e000 	C:\WINDOWS\SYSTEM32\USERENV.dll
0x00007ffd86850000 - 0x00007ffd8685c000 	C:\WINDOWS\SYSTEM32\CRYPTBASE.dll
0x00007ffd7ea50000 - 0x00007ffd7ea67000 	C:\WINDOWS\SYSTEM32\dhcpcsvc6.DLL
0x00007ffd7fa10000 - 0x00007ffd7fa2d000 	C:\WINDOWS\SYSTEM32\dhcpcsvc.DLL
0x00007ffd62aa0000 - 0x00007ffd62ab7000 	C:\WINDOWS\system32\napinsp.dll
0x00007ffd629a0000 - 0x00007ffd629bb000 	C:\WINDOWS\system32\pnrpnsp.dll
0x00007ffd832a0000 - 0x00007ffd832b5000 	C:\WINDOWS\system32\wshbth.dll
0x00007ffd80d70000 - 0x00007ffd80d8d000 	C:\WINDOWS\system32\NLAapi.dll
0x00007ffd62980000 - 0x00007ffd62992000 	C:\WINDOWS\System32\winrnr.dll

dbghelp: loaded successfully - version: 4.0.5 - missing functions: none
symbol engine: initialized successfully - sym options: 0x614 - pdb path: .;C:\Program Files\Java\jdk-17.0.1\bin;C:\WINDOWS\SYSTEM32;C:\WINDOWS\WinSxS\amd64_microsoft.windows.common-controls_6595b64144ccf1df_6.0.19041.4355_none_60b8b9eb71f62e16;C:\Program Files\Java\jdk-17.0.1\bin\server

VM Arguments:
jvm_args: -agentlib:jdwp=transport=dt_socket,address=127.0.0.1:61347,suspend=y,server=n -XX:TieredStopAtLevel=1 -Dspring.output.ansi.enabled=always -Dcom.sun.management.jmxremote -Dspring.jmx.enabled=true -Dspring.liveBeansView.mbeanDomain -Dspring.application.admin.enabled=true -Dmanagement.endpoints.jmx.exposure.include=* -javaagent:C:\Users\User\AppData\Local\JetBrains\IntelliJIdea2023.2\captureAgent\debugger-agent.jar -Dfile.encoding=UTF-8 
java_command: com.healthcare_app.doctor_service.DoctorServiceApplication
java_class_path (initial): C:\Users\User\Desktop\Healthcare Mangement\doctor-service\target\classes;C:\Users\User\.m2\repository\org\springframework\boot\spring-boot-starter-actuator\3.3.1\spring-boot-starter-actuator-3.3.1.jar;C:\Users\User\.m2\repository\org\springframework\boot\spring-boot-starter\3.3.1\spring-boot-starter-3.3.1.jar;C:\Users\User\.m2\repository\org\springframework\boot\spring-boot-starter-logging\3.3.1\spring-boot-starter-logging-3.3.1.jar;C:\Users\User\.m2\repository\ch\qos\logback\logback-classic\1.5.6\logback-classic-1.5.6.jar;C:\Users\User\.m2\repository\ch\qos\logback\logback-core\1.5.6\logback-core-1.5.6.jar;C:\Users\User\.m2\repository\org\apache\logging\log4j\log4j-to-slf4j\2.23.1\log4j-to-slf4j-2.23.1.jar;C:\Users\User\.m2\repository\org\apache\logging\log4j\log4j-api\2.23.1\log4j-api-2.23.1.jar;C:\Users\User\.m2\repository\org\slf4j\jul-to-slf4j\2.0.13\jul-to-slf4j-2.0.13.jar;C:\Users\User\.m2\repository\jakarta\annotation\jakarta.annotation-api\2.1.1\jakarta.annotation-api-2.1.1.jar;C:\Users\User\.m2\repository\org\yaml\snakeyaml\2.2\snakeyaml-2.2.jar;C:\Users\User\.m2\repository\org\springframework\boot\spring-boot-actuator-autoconfigure\3.3.1\spring-boot-actuator-autoconfigure-3.3.1.jar;C:\Users\User\.m2\repository\org\springframework\boot\spring-boot-actuator\3.3.1\spring-boot-actuator-3.3.1.jar;C:\Users\User\.m2\repository\com\fasterxml\jackson\core\jackson-databind\2.17.1\jackson-databind-2.17.1.jar;C:\Users\User\.m2\repository\com\fasterxml\jackson\core\jackson-annotations\2.17.1\jackson-annotations-2.17.1.jar;C:\Users\User\.m2\repository\com\fasterxml\jackson\core\jackson-core\2.17.1\jackson-core-2.17.1.jar;C:\Users\User\.m2\repository\com\fasterxml\jackson\datatype\jackson-datatype-jsr310\2.17.1\jackson-datatype-jsr310-2.17.1.jar;C:\Users\User\.m2\repository\io\micrometer\micrometer-observation\1.13.1\micrometer-observation-1.13.1.jar;C:\Users\User\.m2\repository\io\micrometer\micrometer-commons\1.13.1\micrometer-commons-1.13
Launcher Type: SUN_STANDARD

[Global flags]
     intx CICompilerCount                          = 4                                         {product} {ergonomic}
     uint ConcGCThreads                            = 2                                         {product} {ergonomic}
     uint G1ConcRefinementThreads                  = 8                                         {product} {ergonomic}
   size_t G1HeapRegionSize                         = 1048576                                   {product} {ergonomic}
    uintx GCDrainStackTargetSize                   = 64                                        {product} {ergonomic}
   size_t InitialHeapSize                          = 132120576                                 {product} {ergonomic}
     bool ManagementServer                         = true                                      {product} {command line}
   size_t MarkStackSize                            = 4194304                                   {product} {ergonomic}
   size_t MaxHeapSize                              = 2086666240                                {product} {ergonomic}
   size_t MaxNewSize                               = 1251999744                                {product} {ergonomic}
   size_t MinHeapDeltaBytes                        = 1048576                                   {product} {ergonomic}
   size_t MinHeapSize                              = 8388608                                   {product} {ergonomic}
    uintx NonProfiledCodeHeapSize                  = 0                                      {pd product} {ergonomic}
     bool ProfileInterpreter                       = false                                  {pd product} {command line}
    uintx ProfiledCodeHeapSize                     = 0                                      {pd product} {ergonomic}
   size_t SoftMaxHeapSize                          = 2086666240                             {manageable} {ergonomic}
     intx TieredStopAtLevel                        = 1                                         {product} {command line}
     bool UseCompressedClassPointers               = true                           {product lp64_product} {ergonomic}
     bool UseCompressedOops                        = true                           {product lp64_product} {ergonomic}
     bool UseG1GC                                  = true                                      {product} {ergonomic}
     bool UseLargePagesIndividualAllocation        = false                                  {pd product} {ergonomic}

Logging:
Log output configuration:
 #0: stdout all=warning uptime,level,tags
 #1: stderr all=off uptime,level,tags

Environment Variables:
JAVA_HOME=C:\Program Files\Java\jdk-17.0.1
PATH=C:\Program Files\Common Files\Oracle\Java\javapath;C:\Program Files (x86)\Common Files\Oracle\Java\javapath;C:\Windows\system32;C:\Windows;C:\Windows\System32\Wbem;C:\Windows\System32\WindowsPowerShell\v1.0\;C:\Windows\System32\OpenSSH\;C:\Program Files\NVIDIA Corporation\NVIDIA NvDLISR;C:\Program Files (x86)\NVIDIA Corporation\PhysX\Common;C:\WINDOWS\system32;C:\WINDOWS;C:\WINDOWS\System32\Wbem;C:\WINDOWS\System32\WindowsPowerShell\v1.0\;C:\WINDOWS\System32\OpenSSH\;C:\Program Files\dotnet\;C:\Program Files (x86)\dotnet\;C:\Program Files\Cloudflare\Cloudflare WARP\;C:\Program Files\Microsoft SQL Server\150\Tools\Binn\;C:\Program Files\Microsoft SQL Server\Client SDK\ODBC\170\Tools\Binn\;C:\Program Files\nodejs\;C:\flutter\bin;C:\Program Files (x86)\Microsoft SQL Server\160\Tools\Binn\;C:\Program Files\Microsoft SQL Server\160\Tools\Binn\;C:\Program Files\Microsoft SQL Server\160\DTS\Binn\;C:\Program Files (x86)\Microsoft SQL Server\160\DTS\Binn\;C:\Program Files\Azure Data Studio\bin;C:\Users\User\AppData\Local\Pub\Cache\bin;C:\Program Files\Git\bin;C:\Users\User\AppData\Roaming\npm;C:\wamp64\bin\php\php8.1.0;C:\php-8.3.4;C:\ProgramData\ComposerSetup\bin;C:\Program Files\Apache\Maven\apache-maven-3.9.8\bin;C:\Program Files\Java\jdk-17.0.1\bin;C:\Program Files\Docker\Docker\resources\bin;C:\Program Files\PostgreSQL\16\bin;C:\Program Files\Common Files\Oracle\Java\javapath;C:\Program Files (x86)\Common Files\Oracle\Java\javapath;C:\Windows\system32;C:\Windows;C:\Windows\System32\Wbem;C:\Windows\System32\WindowsPowerShell\v1.0\;C:\Windows\System32\OpenSSH\;C:\Program Files\NVIDIA Corporation\NVIDIA NvDLISR;C:\Program Files (x86)\NVIDIA Corporation\PhysX\Common;C:\WINDOWS\system32;C:\WINDOWS;C:\WINDOWS\System32\Wbem;C:\WINDOWS\System32\WindowsPowerShell\v1.0\;C:\WINDOWS\System32\OpenSSH\;C:\Program Files\dotnet\;C:\Program Files (x86)\dotnet\;C:\Program Files\Cloudflare\Cloudflare WARP\;C:\Program Files\Microsoft SQL Server\150\Tools\Binn\;C:\Program Files\Microsoft 
USERNAME=User
OS=Windows_NT
PROCESSOR_IDENTIFIER=Intel64 Family 6 Model 126 Stepping 5, GenuineIntel



---------------  S Y S T E M  ---------------

OS:
 Windows 10 , 64 bit Build 19041 (10.0.19041.4717)
OS uptime: 0 days 5:02 hours
Hyper-V role detected

CPU: total 8 (initial active 8) (4 cores per cpu, 2 threads per core) family 6 model 126 stepping 5 microcode 0xc2, cx8, cmov, fxsr, ht, mmx, 3dnowpref, sse, sse2, sse3, ssse3, sse4.1, sse4.2, popcnt, lzcnt, tsc, tscinvbit, avx, avx2, aes, erms, clmul, bmi1, bmi2, adx, avx512f, avx512dq, avx512cd, avx512bw, avx512vl, sha, fma, vzeroupper, avx512_vpopcntdq, avx512_vpclmulqdq, avx512_vaes, avx512_vnni, clflush, clflushopt, avx512_vbmi2, avx512_vbmi, hv

Memory: 4k page, system-wide physical 7959M (426M free)
TotalPageFile size 20247M (AvailPageFile size 5M)
current process WorkingSet (physical memory assigned to process): 164M, peak: 164M
current process commit charge ("private bytes"): 375M, peak: 377M

vm_info: Java HotSpot(TM) 64-Bit Server VM (17.0.1+12-LTS-39) for windows-amd64 JRE (17.0.1+12-LTS-39), built on Sep 27 2021 18:41:35 by "mach5one" with MS VC++ 16.8 (VS2019)

END.
