#
# There is insufficient memory for the Java Runtime Environment to continue.
# Native memory allocation (mmap) failed to map 132120576 bytes for G1 virtual space
# Possible reasons:
#   The system is out of physical RAM or swap space
#   The process is running with CompressedOops enabled, and the Java Heap may be blocking the growth of the native heap
# Possible solutions:
#   Reduce memory load on the system
#   Increase physical memory or swap space
#   Check if swap backing store is full
#   Decrease Java heap size (-Xmx/-Xms)
#   Decrease number of Java threads
#   Decrease Java thread stack sizes (-Xss)
#   Set larger code cache with -XX:ReservedCodeCacheSize=
#   JVM is running with Unscaled Compressed Oops mode in which the Java heap is
#     placed in the first 4GB address space. The Java Heap base address is the
#     maximum limit for the native heap growth. Please use -XX:HeapBaseMinAddress
#     to set the Java Heap base and to place the Java Heap above 4GB virtual address.
# This output file may be truncated or incomplete.
#
#  Out of Memory Error (os_windows.cpp:3469), pid=18336, tid=21676
#
# JRE version: Java(TM) SE Runtime Environment (17.0.1+12) (build 17.0.1+12-LTS-39)
# Java VM: Java HotSpot(TM) 64-Bit Server VM (17.0.1+12-LTS-39, mixed mode, emulated-client, sharing, tiered, compressed oops, compressed class ptrs, g1 gc, windows-amd64)
# No core dump will be written. Minidumps are not enabled by default on client versions of Windows
#

---------------  S U M M A R Y ------------

Command Line: -agentlib:jdwp=transport=dt_socket,address=127.0.0.1:56106,suspend=y,server=n -XX:TieredStopAtLevel=1 -Dspring.output.ansi.enabled=always -Dcom.sun.management.jmxremote -Dspring.jmx.enabled=true -Dspring.liveBeansView.mbeanDomain -Dspring.application.admin.enabled=true -Dmanagement.endpoints.jmx.exposure.include=* -javaagent:C:\Users\User\AppData\Local\JetBrains\IntelliJIdea2023.2\captureAgent\debugger-agent.jar -Dfile.encoding=UTF-8 com.healthcare_app.medicalrecords_service.MedicalrecordsServiceApplication

Host: Intel(R) Core(TM) i7-1065G7 CPU @ 1.30GHz, 8 cores, 7G,  Windows 10 , 64 bit Build 19041 (10.0.19041.4717)
Time: Thu Sep  5 20:25:47 2024 Sri Lanka Standard Time elapsed time: 3.310233 seconds (0d 0h 0m 3s)

---------------  T H R E A D  ---------------

Current thread (0x000001dffed8fcb0):  VMThread "VM Thread" [stack: 0x000000d73c000000,0x000000d73c100000] [id=21676]

Stack: [0x000000d73c000000,0x000000d73c100000]
Native frames: (J=compiled Java code, j=interpreted, Vv=VM code, C=native code)
V  [jvm.dll+0x66fa1a]
V  [jvm.dll+0x7ce5a4]
V  [jvm.dll+0x7cfd4e]
V  [jvm.dll+0x7d03b3]
V  [jvm.dll+0x242b05]
V  [jvm.dll+0x66ca39]
V  [jvm.dll+0x661502]
V  [jvm.dll+0x30081b]
V  [jvm.dll+0x307da6]
V  [jvm.dll+0x357a1e]
V  [jvm.dll+0x357c4f]
V  [jvm.dll+0x2d7ad8]
V  [jvm.dll+0x2d5da4]
V  [jvm.dll+0x2d53ac]
V  [jvm.dll+0x3287cc]
V  [jvm.dll+0x7d484b]
V  [jvm.dll+0x7d5584]
V  [jvm.dll+0x7d5a9c]
V  [jvm.dll+0x7d5e74]
V  [jvm.dll+0x7d5f40]
V  [jvm.dll+0x77e91a]
V  [jvm.dll+0x66e845]
C  [ucrtbase.dll+0x21bb2]
C  [KERNEL32.DLL+0x17374]
C  [ntdll.dll+0x4cc91]

VM_Operation (0x000000d73dff9800): CollectForMetadataAllocation, mode: safepoint, requested by thread 0x000001dfff88f1f0


---------------  P R O C E S S  ---------------

Threads class SMR info:
_java_thread_list=0x000001df85976e60, length=23, elements={
0x000001dff0f19450, 0x000001dffed94060, 0x000001dffed96c30, 0x000001dffeda5d80,
0x000001dffedc6740, 0x000001dffedc70f0, 0x000001dffedca2c0, 0x000001dffedcac70,
0x000001dffedcba70, 0x000001dfff88d040, 0x000001dfff895ce0, 0x000001dfff8a0a00,
0x000001dfff8a3160, 0x000001dfff8e6a90, 0x000001dfff8eb3f0, 0x000001dfff906900,
0x000001dfff88d9e0, 0x000001dfff88deb0, 0x000001dfff88e380, 0x000001dfff88cb70,
0x000001dfff88c1d0, 0x000001dfff88d510, 0x000001dfff88f1f0
}

Java Threads: ( => current thread )
  0x000001dff0f19450 JavaThread "main" [_thread_blocked, id=17176, stack(0x000000d73ba00000,0x000000d73bb00000)]
  0x000001dffed94060 JavaThread "Reference Handler" daemon [_thread_blocked, id=16656, stack(0x000000d73c100000,0x000000d73c200000)]
  0x000001dffed96c30 JavaThread "Finalizer" daemon [_thread_blocked, id=15072, stack(0x000000d73c200000,0x000000d73c300000)]
  0x000001dffeda5d80 JavaThread "Signal Dispatcher" daemon [_thread_blocked, id=18596, stack(0x000000d73c300000,0x000000d73c400000)]
  0x000001dffedc6740 JavaThread "Attach Listener" daemon [_thread_blocked, id=21020, stack(0x000000d73c400000,0x000000d73c500000)]
  0x000001dffedc70f0 JavaThread "Service Thread" daemon [_thread_blocked, id=11332, stack(0x000000d73c500000,0x000000d73c600000)]
  0x000001dffedca2c0 JavaThread "Monitor Deflation Thread" daemon [_thread_blocked, id=272, stack(0x000000d73c600000,0x000000d73c700000)]
  0x000001dffedcac70 JavaThread "C1 CompilerThread0" daemon [_thread_blocked, id=21116, stack(0x000000d73c700000,0x000000d73c800000)]
  0x000001dffedcba70 JavaThread "Sweeper thread" daemon [_thread_blocked, id=20304, stack(0x000000d73c800000,0x000000d73c900000)]
  0x000001dfff88d040 JavaThread "Common-Cleaner" daemon [_thread_blocked, id=23688, stack(0x000000d73c900000,0x000000d73ca00000)]
  0x000001dfff895ce0 JavaThread "C1 CompilerThread1" daemon [_thread_blocked, id=11948, stack(0x000000d73ca00000,0x000000d73cb00000)]
  0x000001dfff8a0a00 JavaThread "C1 CompilerThread2" daemon [_thread_blocked, id=23840, stack(0x000000d73cb00000,0x000000d73cc00000)]
  0x000001dfff8a3160 JavaThread "C1 CompilerThread3" daemon [_thread_blocked, id=24152, stack(0x000000d73cc00000,0x000000d73cd00000)]
  0x000001dfff8e6a90 JavaThread "JDWP Transport Listener: dt_socket" daemon [_thread_blocked, id=22932, stack(0x000000d73cd00000,0x000000d73ce00000)]
  0x000001dfff8eb3f0 JavaThread "JDWP Event Helper Thread" daemon [_thread_blocked, id=19196, stack(0x000000d73ce00000,0x000000d73cf00000)]
  0x000001dfff906900 JavaThread "JDWP Command Reader" daemon [_thread_in_native, id=21600, stack(0x000000d73cf00000,0x000000d73d000000)]
  0x000001dfff88d9e0 JavaThread "Notification Thread" daemon [_thread_blocked, id=22720, stack(0x000000d73d000000,0x000000d73d100000)]
  0x000001dfff88deb0 JavaThread "RMI TCP Accept-0" daemon [_thread_in_native, id=2756, stack(0x000000d73d100000,0x000000d73d200000)]
  0x000001dfff88e380 JavaThread "RMI TCP Connection(1)-192.168.67.2" daemon [_thread_in_native, id=24172, stack(0x000000d73da00000,0x000000d73db00000)]
  0x000001dfff88cb70 JavaThread "RMI Scheduler(0)" daemon [_thread_blocked, id=9372, stack(0x000000d73db00000,0x000000d73dc00000)]
  0x000001dfff88c1d0 JavaThread "Thread-0" [_thread_blocked, id=22108, stack(0x000000d73dc00000,0x000000d73dd00000)]
  0x000001dfff88d510 JavaThread "restartedMain" [_thread_blocked, id=14472, stack(0x000000d73dd00000,0x000000d73de00000)]
  0x000001dfff88f1f0 JavaThread "background-preinit" [_thread_blocked, id=13012, stack(0x000000d73df00000,0x000000d73e000000)]

Other Threads:
=>0x000001dffed8fcb0 VMThread "VM Thread" [stack: 0x000000d73c000000,0x000000d73c100000] [id=21676]
  0x000001dff0f799a0 WatcherThread [stack: 0x000000d73d200000,0x000000d73d300000] [id=10388]
  0x000001dff0f57370 GCTaskThread "GC Thread#0" [stack: 0x000000d73bb00000,0x000000d73bc00000] [id=4720]
  0x000001df842af910 GCTaskThread "GC Thread#1" [stack: 0x000000d73d300000,0x000000d73d400000] [id=6704]
  0x000001df844623f0 GCTaskThread "GC Thread#2" [stack: 0x000000d73d400000,0x000000d73d500000] [id=23288]
  0x000001df84475920 GCTaskThread "GC Thread#3" [stack: 0x000000d73d500000,0x000000d73d600000] [id=23752]
  0x000001df84475bd0 GCTaskThread "GC Thread#4" [stack: 0x000000d73d600000,0x000000d73d700000] [id=19732]
  0x000001df84475e80 GCTaskThread "GC Thread#5" [stack: 0x000000d73d700000,0x000000d73d800000] [id=18708]
  0x000001df84476540 GCTaskThread "GC Thread#6" [stack: 0x000000d73d800000,0x000000d73d900000] [id=21548]
  0x000001df844767f0 GCTaskThread "GC Thread#7" [stack: 0x000000d73d900000,0x000000d73da00000] [id=6460]
  0x000001dff0f67a80 ConcurrentGCThread "G1 Main Marker" [stack: 0x000000d73bc00000,0x000000d73bd00000] [id=18988]
  0x000001dff0f68490 ConcurrentGCThread "G1 Conc#0" [stack: 0x000000d73bd00000,0x000000d73be00000] [id=12812]
  0x000001dff0fd2560 ConcurrentGCThread "G1 Refine#0" [stack: 0x000000d73be00000,0x000000d73bf00000] [id=512]
  0x000001dffec52210 ConcurrentGCThread "G1 Service" [stack: 0x000000d73bf00000,0x000000d73c000000] [id=15700]

Threads with active compile tasks:

VM state: at safepoint (normal execution)

VM Mutex/Monitor currently owned by a thread:  ([mutex/lock_event])
[0x000001dff0f146b0] Threads_lock - owner thread: 0x000001dffed8fcb0
[0x000001dff0f15940] Heap_lock - owner thread: 0x000001dfff88f1f0

Heap address: 0x0000000083a00000, size: 1990 MB, Compressed Oops mode: 32-bit

CDS archive(s) mapped at: [0x0000000800000000-0x0000000800bc0000-0x0000000800bc0000), size 12320768, SharedBaseAddress: 0x0000000800000000, ArchiveRelocationMode: 0.
Compressed class space mapped at: 0x0000000800c00000-0x0000000840c00000, reserved size: 1073741824
Narrow klass base: 0x0000000800000000, Narrow klass shift: 0, Narrow klass range: 0x100000000

GC Precious Log:
 CPUs: 8 total, 8 available
 Memory: 7959M
 Large Page Support: Disabled
 NUMA Support: Disabled
 Compressed Oops: Enabled (32-bit)
 Heap Region Size: 1M
 Heap Min Capacity: 8M
 Heap Initial Capacity: 126M
 Heap Max Capacity: 1990M
 Pre-touch: Disabled
 Parallel Workers: 8
 Concurrent Workers: 2
 Concurrent Refinement Workers: 8
 Periodic GC: Disabled

Heap:
 garbage-first heap   total 129024K, used 13144K [0x0000000083a00000, 0x0000000100000000)
  region size 1024K, 6 young (6144K), 6 survivors (6144K)
 Metaspace       used 21181K, committed 21504K, reserved 1073152K
  class space    used 2826K, committed 3008K, reserved 1048576K

Heap Regions: E=young(eden), S=young(survivor), O=old, HS=humongous(starts), HC=humongous(continues), CS=collection set, F=free, OA=open archive, CA=closed archive, TAMS=top-at-mark-start (previous, next)
|   0|0x0000000083a00000, 0x0000000083b00000, 0x0000000083b00000|100%|HS|  |TAMS 0x0000000083a00000, 0x0000000083b00000| Complete 
|   1|0x0000000083b00000, 0x0000000083c00000, 0x0000000083c00000|100%| O|  |TAMS 0x0000000083b00000, 0x0000000083c00000| Untracked 
|   2|0x0000000083c00000, 0x0000000083d00000, 0x0000000083d00000|100%| O|  |TAMS 0x0000000083c00000, 0x0000000083d00000| Untracked 
|   3|0x0000000083d00000, 0x0000000083e00000, 0x0000000083e00000|100%| O|  |TAMS 0x0000000083d00000, 0x0000000083e00000| Untracked 
|   4|0x0000000083e00000, 0x0000000083f00000, 0x0000000083f00000|100%| O|  |TAMS 0x0000000083e00000, 0x0000000083f00000| Untracked 
|   5|0x0000000083f00000, 0x0000000084000000, 0x0000000084000000|100%| O|  |TAMS 0x0000000083f00000, 0x0000000084000000| Untracked 
|   6|0x0000000084000000, 0x0000000084100000, 0x0000000084100000|100%| O|  |TAMS 0x0000000084000000, 0x0000000084100000| Untracked 
|   7|0x0000000084100000, 0x0000000084145e00, 0x0000000084200000| 27%| O|  |TAMS 0x0000000084100000, 0x0000000084145e00| Untracked 
|   8|0x0000000084200000, 0x0000000084200000, 0x0000000084300000|  0%| F|  |TAMS 0x0000000084200000, 0x0000000084200000| Untracked 
|   9|0x0000000084300000, 0x0000000084300000, 0x0000000084400000|  0%| F|  |TAMS 0x0000000084300000, 0x0000000084300000| Untracked 
|  10|0x0000000084400000, 0x0000000084400000, 0x0000000084500000|  0%| F|  |TAMS 0x0000000084400000, 0x0000000084400000| Untracked 
|  11|0x0000000084500000, 0x0000000084500000, 0x0000000084600000|  0%| F|  |TAMS 0x0000000084500000, 0x0000000084500000| Untracked 
|  12|0x0000000084600000, 0x0000000084600000, 0x0000000084700000|  0%| F|  |TAMS 0x0000000084600000, 0x0000000084600000| Untracked 
|  13|0x0000000084700000, 0x0000000084700000, 0x0000000084800000|  0%| F|  |TAMS 0x0000000084700000, 0x0000000084700000| Untracked 
|  14|0x0000000084800000, 0x0000000084800000, 0x0000000084900000|  0%| F|  |TAMS 0x0000000084800000, 0x0000000084800000| Untracked 
|  15|0x0000000084900000, 0x0000000084900000, 0x0000000084a00000|  0%| F|  |TAMS 0x0000000084900000, 0x0000000084900000| Untracked 
|  16|0x0000000084a00000, 0x0000000084a00000, 0x0000000084b00000|  0%| F|  |TAMS 0x0000000084a00000, 0x0000000084a00000| Untracked 
|  17|0x0000000084b00000, 0x0000000084b00000, 0x0000000084c00000|  0%| F|  |TAMS 0x0000000084b00000, 0x0000000084b00000| Untracked 
|  18|0x0000000084c00000, 0x0000000084c00000, 0x0000000084d00000|  0%| F|  |TAMS 0x0000000084c00000, 0x0000000084c00000| Untracked 
|  19|0x0000000084d00000, 0x0000000084d00000, 0x0000000084e00000|  0%| F|  |TAMS 0x0000000084d00000, 0x0000000084d00000| Untracked 
|  20|0x0000000084e00000, 0x0000000084e00000, 0x0000000084f00000|  0%| F|  |TAMS 0x0000000084e00000, 0x0000000084e00000| Untracked 
|  21|0x0000000084f00000, 0x0000000084f00000, 0x0000000085000000|  0%| F|  |TAMS 0x0000000084f00000, 0x0000000084f00000| Untracked 
|  22|0x0000000085000000, 0x0000000085000000, 0x0000000085100000|  0%| F|  |TAMS 0x0000000085000000, 0x0000000085000000| Untracked 
|  23|0x0000000085100000, 0x0000000085100000, 0x0000000085200000|  0%| F|  |TAMS 0x0000000085100000, 0x0000000085100000| Untracked 
|  24|0x0000000085200000, 0x0000000085200000, 0x0000000085300000|  0%| F|  |TAMS 0x0000000085200000, 0x0000000085200000| Untracked 
|  25|0x0000000085300000, 0x0000000085300000, 0x0000000085400000|  0%| F|  |TAMS 0x0000000085300000, 0x0000000085300000| Untracked 
|  26|0x0000000085400000, 0x0000000085400000, 0x0000000085500000|  0%| F|  |TAMS 0x0000000085400000, 0x0000000085400000| Untracked 
|  27|0x0000000085500000, 0x0000000085500000, 0x0000000085600000|  0%| F|  |TAMS 0x0000000085500000, 0x0000000085500000| Untracked 
|  28|0x0000000085600000, 0x0000000085600000, 0x0000000085700000|  0%| F|  |TAMS 0x0000000085600000, 0x0000000085600000| Untracked 
|  29|0x0000000085700000, 0x0000000085700000, 0x0000000085800000|  0%| F|  |TAMS 0x0000000085700000, 0x0000000085700000| Untracked 
|  30|0x0000000085800000, 0x0000000085800000, 0x0000000085900000|  0%| F|  |TAMS 0x0000000085800000, 0x0000000085800000| Untracked 
|  31|0x0000000085900000, 0x0000000085900000, 0x0000000085a00000|  0%| F|  |TAMS 0x0000000085900000, 0x0000000085900000| Untracked 
|  32|0x0000000085a00000, 0x0000000085a00000, 0x0000000085b00000|  0%| F|  |TAMS 0x0000000085a00000, 0x0000000085a00000| Untracked 
|  33|0x0000000085b00000, 0x0000000085b00000, 0x0000000085c00000|  0%| F|  |TAMS 0x0000000085b00000, 0x0000000085b00000| Untracked 
|  34|0x0000000085c00000, 0x0000000085c00000, 0x0000000085d00000|  0%| F|  |TAMS 0x0000000085c00000, 0x0000000085c00000| Untracked 
|  35|0x0000000085d00000, 0x0000000085d00000, 0x0000000085e00000|  0%| F|  |TAMS 0x0000000085d00000, 0x0000000085d00000| Untracked 
|  36|0x0000000085e00000, 0x0000000085e00000, 0x0000000085f00000|  0%| F|  |TAMS 0x0000000085e00000, 0x0000000085e00000| Untracked 
|  37|0x0000000085f00000, 0x0000000085f00000, 0x0000000086000000|  0%| F|  |TAMS 0x0000000085f00000, 0x0000000085f00000| Untracked 
|  38|0x0000000086000000, 0x0000000086000000, 0x0000000086100000|  0%| F|  |TAMS 0x0000000086000000, 0x0000000086000000| Untracked 
|  39|0x0000000086100000, 0x0000000086100000, 0x0000000086200000|  0%| F|  |TAMS 0x0000000086100000, 0x0000000086100000| Untracked 
|  40|0x0000000086200000, 0x0000000086200000, 0x0000000086300000|  0%| F|  |TAMS 0x0000000086200000, 0x0000000086200000| Untracked 
|  41|0x0000000086300000, 0x0000000086300000, 0x0000000086400000|  0%| F|  |TAMS 0x0000000086300000, 0x0000000086300000| Untracked 
|  42|0x0000000086400000, 0x0000000086400000, 0x0000000086500000|  0%| F|  |TAMS 0x0000000086400000, 0x0000000086400000| Untracked 
|  43|0x0000000086500000, 0x0000000086500000, 0x0000000086600000|  0%| F|  |TAMS 0x0000000086500000, 0x0000000086500000| Untracked 
|  44|0x0000000086600000, 0x0000000086600000, 0x0000000086700000|  0%| F|  |TAMS 0x0000000086600000, 0x0000000086600000| Untracked 
|  45|0x0000000086700000, 0x0000000086700000, 0x0000000086800000|  0%| F|  |TAMS 0x0000000086700000, 0x0000000086700000| Untracked 
|  46|0x0000000086800000, 0x0000000086800000, 0x0000000086900000|  0%| F|  |TAMS 0x0000000086800000, 0x0000000086800000| Untracked 
|  47|0x0000000086900000, 0x0000000086900000, 0x0000000086a00000|  0%| F|  |TAMS 0x0000000086900000, 0x0000000086900000| Untracked 
|  48|0x0000000086a00000, 0x0000000086a00000, 0x0000000086b00000|  0%| F|  |TAMS 0x0000000086a00000, 0x0000000086a00000| Untracked 
|  49|0x0000000086b00000, 0x0000000086b00000, 0x0000000086c00000|  0%| F|  |TAMS 0x0000000086b00000, 0x0000000086b00000| Untracked 
|  50|0x0000000086c00000, 0x0000000086c00000, 0x0000000086d00000|  0%| F|  |TAMS 0x0000000086c00000, 0x0000000086c00000| Untracked 
|  51|0x0000000086d00000, 0x0000000086d00000, 0x0000000086e00000|  0%| F|  |TAMS 0x0000000086d00000, 0x0000000086d00000| Untracked 
|  52|0x0000000086e00000, 0x0000000086e00000, 0x0000000086f00000|  0%| F|  |TAMS 0x0000000086e00000, 0x0000000086e00000| Untracked 
|  53|0x0000000086f00000, 0x0000000086f00000, 0x0000000087000000|  0%| F|  |TAMS 0x0000000086f00000, 0x0000000086f00000| Untracked 
|  54|0x0000000087000000, 0x0000000087000000, 0x0000000087100000|  0%| F|  |TAMS 0x0000000087000000, 0x0000000087000000| Untracked 
|  55|0x0000000087100000, 0x0000000087100000, 0x0000000087200000|  0%| F|  |TAMS 0x0000000087100000, 0x0000000087100000| Untracked 
|  56|0x0000000087200000, 0x0000000087200000, 0x0000000087300000|  0%| F|  |TAMS 0x0000000087200000, 0x0000000087200000| Untracked 
|  57|0x0000000087300000, 0x0000000087300000, 0x0000000087400000|  0%| F|  |TAMS 0x0000000087300000, 0x0000000087300000| Untracked 
|  58|0x0000000087400000, 0x0000000087400000, 0x0000000087500000|  0%| F|  |TAMS 0x0000000087400000, 0x0000000087400000| Untracked 
|  59|0x0000000087500000, 0x0000000087500000, 0x0000000087600000|  0%| F|  |TAMS 0x0000000087500000, 0x0000000087500000| Untracked 
|  60|0x0000000087600000, 0x0000000087600000, 0x0000000087700000|  0%| F|  |TAMS 0x0000000087600000, 0x0000000087600000| Untracked 
|  61|0x0000000087700000, 0x0000000087700000, 0x0000000087800000|  0%| F|  |TAMS 0x0000000087700000, 0x0000000087700000| Untracked 
|  62|0x0000000087800000, 0x0000000087800000, 0x0000000087900000|  0%| F|  |TAMS 0x0000000087800000, 0x0000000087800000| Untracked 
|  63|0x0000000087900000, 0x0000000087900000, 0x0000000087a00000|  0%| F|  |TAMS 0x0000000087900000, 0x0000000087900000| Untracked 
|  64|0x0000000087a00000, 0x0000000087a00000, 0x0000000087b00000|  0%| F|  |TAMS 0x0000000087a00000, 0x0000000087a00000| Untracked 
|  65|0x0000000087b00000, 0x0000000087b00000, 0x0000000087c00000|  0%| F|  |TAMS 0x0000000087b00000, 0x0000000087b00000| Untracked 
|  66|0x0000000087c00000, 0x0000000087c00000, 0x0000000087d00000|  0%| F|  |TAMS 0x0000000087c00000, 0x0000000087c00000| Untracked 
|  67|0x0000000087d00000, 0x0000000087d00000, 0x0000000087e00000|  0%| F|  |TAMS 0x0000000087d00000, 0x0000000087d00000| Untracked 
|  68|0x0000000087e00000, 0x0000000087e00000, 0x0000000087f00000|  0%| F|  |TAMS 0x0000000087e00000, 0x0000000087e00000| Untracked 
|  69|0x0000000087f00000, 0x0000000087f00000, 0x0000000088000000|  0%| F|  |TAMS 0x0000000087f00000, 0x0000000087f00000| Untracked 
|  70|0x0000000088000000, 0x0000000088000000, 0x0000000088100000|  0%| F|  |TAMS 0x0000000088000000, 0x0000000088000000| Untracked 
|  71|0x0000000088100000, 0x0000000088100000, 0x0000000088200000|  0%| F|  |TAMS 0x0000000088100000, 0x0000000088100000| Untracked 
|  72|0x0000000088200000, 0x0000000088200000, 0x0000000088300000|  0%| F|  |TAMS 0x0000000088200000, 0x0000000088200000| Untracked 
|  73|0x0000000088300000, 0x0000000088300000, 0x0000000088400000|  0%| F|  |TAMS 0x0000000088300000, 0x0000000088300000| Untracked 
|  74|0x0000000088400000, 0x0000000088400000, 0x0000000088500000|  0%| F|  |TAMS 0x0000000088400000, 0x0000000088400000| Untracked 
|  75|0x0000000088500000, 0x0000000088500000, 0x0000000088600000|  0%| F|  |TAMS 0x0000000088500000, 0x0000000088500000| Untracked 
|  76|0x0000000088600000, 0x0000000088600000, 0x0000000088700000|  0%| F|  |TAMS 0x0000000088600000, 0x0000000088600000| Untracked 
|  77|0x0000000088700000, 0x0000000088700000, 0x0000000088800000|  0%| F|  |TAMS 0x0000000088700000, 0x0000000088700000| Untracked 
|  78|0x0000000088800000, 0x0000000088800000, 0x0000000088900000|  0%| F|  |TAMS 0x0000000088800000, 0x0000000088800000| Untracked 
|  79|0x0000000088900000, 0x0000000088900000, 0x0000000088a00000|  0%| F|  |TAMS 0x0000000088900000, 0x0000000088900000| Untracked 
|  80|0x0000000088a00000, 0x0000000088a00000, 0x0000000088b00000|  0%| F|  |TAMS 0x0000000088a00000, 0x0000000088a00000| Untracked 
|  81|0x0000000088b00000, 0x0000000088b00000, 0x0000000088c00000|  0%| F|  |TAMS 0x0000000088b00000, 0x0000000088b00000| Untracked 
|  82|0x0000000088c00000, 0x0000000088c00000, 0x0000000088d00000|  0%| F|  |TAMS 0x0000000088c00000, 0x0000000088c00000| Untracked 
|  83|0x0000000088d00000, 0x0000000088d00000, 0x0000000088e00000|  0%| F|  |TAMS 0x0000000088d00000, 0x0000000088d00000| Untracked 
|  84|0x0000000088e00000, 0x0000000088e00000, 0x0000000088f00000|  0%| F|  |TAMS 0x0000000088e00000, 0x0000000088e00000| Untracked 
|  85|0x0000000088f00000, 0x0000000088f00000, 0x0000000089000000|  0%| F|  |TAMS 0x0000000088f00000, 0x0000000088f00000| Untracked 
|  86|0x0000000089000000, 0x0000000089000000, 0x0000000089100000|  0%| F|  |TAMS 0x0000000089000000, 0x0000000089000000| Untracked 
|  87|0x0000000089100000, 0x0000000089100000, 0x0000000089200000|  0%| F|  |TAMS 0x0000000089100000, 0x0000000089100000| Untracked 
|  88|0x0000000089200000, 0x0000000089200000, 0x0000000089300000|  0%| F|  |TAMS 0x0000000089200000, 0x0000000089200000| Untracked 
|  89|0x0000000089300000, 0x0000000089300000, 0x0000000089400000|  0%| F|  |TAMS 0x0000000089300000, 0x0000000089300000| Untracked 
|  90|0x0000000089400000, 0x0000000089400000, 0x0000000089500000|  0%| F|  |TAMS 0x0000000089400000, 0x0000000089400000| Untracked 
|  91|0x0000000089500000, 0x0000000089500000, 0x0000000089600000|  0%| F|  |TAMS 0x0000000089500000, 0x0000000089500000| Untracked 
|  92|0x0000000089600000, 0x0000000089600000, 0x0000000089700000|  0%| F|  |TAMS 0x0000000089600000, 0x0000000089600000| Untracked 
|  93|0x0000000089700000, 0x0000000089700000, 0x0000000089800000|  0%| F|  |TAMS 0x0000000089700000, 0x0000000089700000| Untracked 
|  94|0x0000000089800000, 0x0000000089800000, 0x0000000089900000|  0%| F|  |TAMS 0x0000000089800000, 0x0000000089800000| Untracked 
|  95|0x0000000089900000, 0x0000000089900000, 0x0000000089a00000|  0%| F|  |TAMS 0x0000000089900000, 0x0000000089900000| Untracked 
|  96|0x0000000089a00000, 0x0000000089a00000, 0x0000000089b00000|  0%| F|  |TAMS 0x0000000089a00000, 0x0000000089a00000| Untracked 
|  97|0x0000000089b00000, 0x0000000089b00000, 0x0000000089c00000|  0%| F|  |TAMS 0x0000000089b00000, 0x0000000089b00000| Untracked 
|  98|0x0000000089c00000, 0x0000000089c00000, 0x0000000089d00000|  0%| F|  |TAMS 0x0000000089c00000, 0x0000000089c00000| Untracked 
|  99|0x0000000089d00000, 0x0000000089d00000, 0x0000000089e00000|  0%| F|  |TAMS 0x0000000089d00000, 0x0000000089d00000| Untracked 
| 100|0x0000000089e00000, 0x0000000089e00000, 0x0000000089f00000|  0%| F|  |TAMS 0x0000000089e00000, 0x0000000089e00000| Untracked 
| 101|0x0000000089f00000, 0x0000000089f90420, 0x000000008a000000| 56%| S|CS|TAMS 0x0000000089f00000, 0x0000000089f00000| Complete 
| 102|0x000000008a000000, 0x000000008a100000, 0x000000008a100000|100%| S|CS|TAMS 0x000000008a000000, 0x000000008a000000| Complete 
| 103|0x000000008a100000, 0x000000008a200000, 0x000000008a200000|100%| S|CS|TAMS 0x000000008a100000, 0x000000008a100000| Complete 
| 104|0x000000008a200000, 0x000000008a300000, 0x000000008a300000|100%| S|CS|TAMS 0x000000008a200000, 0x000000008a200000| Complete 
| 105|0x000000008a300000, 0x000000008a400000, 0x000000008a400000|100%| S|CS|TAMS 0x000000008a300000, 0x000000008a300000| Complete 
| 106|0x000000008a400000, 0x000000008a500000, 0x000000008a500000|100%| S|CS|TAMS 0x000000008a400000, 0x000000008a400000| Complete 
| 107|0x000000008a500000, 0x000000008a500000, 0x000000008a600000|  0%| F|  |TAMS 0x000000008a500000, 0x000000008a500000| Untracked 
| 108|0x000000008a600000, 0x000000008a600000, 0x000000008a700000|  0%| F|  |TAMS 0x000000008a600000, 0x000000008a600000| Untracked 
| 109|0x000000008a700000, 0x000000008a700000, 0x000000008a800000|  0%| F|  |TAMS 0x000000008a700000, 0x000000008a700000| Untracked 
| 110|0x000000008a800000, 0x000000008a800000, 0x000000008a900000|  0%| F|  |TAMS 0x000000008a800000, 0x000000008a800000| Untracked 
| 111|0x000000008a900000, 0x000000008a900000, 0x000000008aa00000|  0%| F|  |TAMS 0x000000008a900000, 0x000000008a900000| Untracked 
| 112|0x000000008aa00000, 0x000000008aa00000, 0x000000008ab00000|  0%| F|  |TAMS 0x000000008aa00000, 0x000000008aa00000| Untracked 
| 113|0x000000008ab00000, 0x000000008ab00000, 0x000000008ac00000|  0%| F|  |TAMS 0x000000008ab00000, 0x000000008ab00000| Untracked 
| 114|0x000000008ac00000, 0x000000008ac00000, 0x000000008ad00000|  0%| F|  |TAMS 0x000000008ac00000, 0x000000008ac00000| Untracked 
| 115|0x000000008ad00000, 0x000000008ad00000, 0x000000008ae00000|  0%| F|  |TAMS 0x000000008ad00000, 0x000000008ad00000| Untracked 
| 116|0x000000008ae00000, 0x000000008ae00000, 0x000000008af00000|  0%| F|  |TAMS 0x000000008ae00000, 0x000000008ae00000| Untracked 
| 117|0x000000008af00000, 0x000000008af00000, 0x000000008b000000|  0%| F|  |TAMS 0x000000008af00000, 0x000000008af00000| Untracked 
| 118|0x000000008b000000, 0x000000008b000000, 0x000000008b100000|  0%| F|  |TAMS 0x000000008b000000, 0x000000008b000000| Untracked 
| 119|0x000000008b100000, 0x000000008b100000, 0x000000008b200000|  0%| F|  |TAMS 0x000000008b100000, 0x000000008b100000| Untracked 
| 120|0x000000008b200000, 0x000000008b200000, 0x000000008b300000|  0%| F|  |TAMS 0x000000008b200000, 0x000000008b200000| Untracked 
| 121|0x000000008b300000, 0x000000008b300000, 0x000000008b400000|  0%| F|  |TAMS 0x000000008b300000, 0x000000008b300000| Untracked 
| 122|0x000000008b400000, 0x000000008b400000, 0x000000008b500000|  0%| F|  |TAMS 0x000000008b400000, 0x000000008b400000| Untracked 
| 123|0x000000008b500000, 0x000000008b500000, 0x000000008b600000|  0%| F|  |TAMS 0x000000008b500000, 0x000000008b500000| Untracked 
| 124|0x000000008b600000, 0x000000008b600000, 0x000000008b700000|  0%| F|  |TAMS 0x000000008b600000, 0x000000008b600000| Untracked 
| 125|0x000000008b700000, 0x000000008b700000, 0x000000008b800000|  0%| F|  |TAMS 0x000000008b700000, 0x000000008b700000| Untracked 

Card table byte_map: [0x000001dffbc10000,0x000001dffc000000] _byte_map_base: 0x000001dffb7f3000

Marking Bits (Prev, Next): (CMBitMap*) 0x000001dff0f57890, (CMBitMap*) 0x000001dff0f578d0
 Prev Bits: [0x000001dffc3f0000, 0x000001dffe308000)
 Next Bits: [0x000001df80000000, 0x000001df81f18000)

Polling page: 0x000001dfeef20000

Metaspace:

Usage:
  Non-class:     17.92 MB used.
      Class:      2.76 MB used.
       Both:     20.69 MB used.

Virtual space:
  Non-class space:       24.00 MB reserved,      18.06 MB ( 75%) committed,  3 nodes.
      Class space:        1.00 GB reserved,       2.94 MB ( <1%) committed,  1 nodes.
             Both:        1.02 GB reserved,      21.00 MB (  2%) committed. 

Chunk freelists:
   Non-Class:  1.19 MB
       Class:  1.05 MB
        Both:  2.23 MB

MaxMetaspaceSize: unlimited
CompressedClassSpaceSize: 1.00 GB
Initial GC threshold: 21.00 MB
Current GC threshold: 21.00 MB
CDS: on
MetaspaceReclaimPolicy: balanced
 - commit_granule_bytes: 65536.
 - commit_granule_words: 8192.
 - virtual_space_node_default_size: 1048576.
 - enlarge_chunks_in_place: 1.
 - new_chunks_are_fully_committed: 0.
 - uncommit_free_chunks: 1.
 - use_allocation_guard: 0.
 - handle_deallocations: 1.


Internal statistics:

num_allocs_failed_limit: 5.
num_arena_births: 300.
num_arena_deaths: 0.
num_vsnodes_births: 4.
num_vsnodes_deaths: 0.
num_space_committed: 336.
num_space_uncommitted: 0.
num_chunks_returned_to_freelist: 5.
num_chunks_taken_from_freelist: 915.
num_chunk_merges: 5.
num_chunk_splits: 661.
num_chunks_enlarged: 505.
num_purges: 0.
num_inconsistent_stats: 0.

CodeCache: size=49152Kb used=6871Kb max_used=6871Kb free=42280Kb
 bounds [0x000001dff8710000, 0x000001dff8dd0000, 0x000001dffb710000]
 total_blobs=2980 nmethods=2466 adapters=438
 compilation: enabled
              stopped_count=0, restarted_count=0
 full_count=0

Compilation events (20 events):
Event: 3.211 Thread 0x000001dffedcac70 2457       1       java.lang.invoke.LambdaForm$MH/0x0000000800c07000::invoke (148 bytes)
Event: 3.211 Thread 0x000001dffedcac70 nmethod 2457 0x000001dff8dbe510 code [0x000001dff8dbe740, 0x000001dff8dbebe8]
Event: 3.218 Thread 0x000001dfff895ce0 2458       1       java.lang.invoke.LambdaForm$MH/0x0000000800c03400::invoke (94 bytes)
Event: 3.218 Thread 0x000001dfff895ce0 nmethod 2458 0x000001dff8dbf290 code [0x000001dff8dbf480, 0x000001dff8dbf7d8]
Event: 3.229 Thread 0x000001dfff8a0a00 2459       1       java.lang.ClassLoader::getParent (32 bytes)
Event: 3.230 Thread 0x000001dfff8a0a00 nmethod 2459 0x000001dff8dbfe90 code [0x000001dff8dc0040, 0x000001dff8dc02b8]
Event: 3.262 Thread 0x000001dfff8a0a00 2460       1       java.util.zip.ZipEntry::setExtra0 (493 bytes)
Event: 3.266 Thread 0x000001dfff8a0a00 nmethod 2460 0x000001dff8dc0d90 code [0x000001dff8dc0fe0, 0x000001dff8dc2908]
Event: 3.283 Thread 0x000001dfff8a0a00 2461       1       java.lang.invoke.LambdaForm$MH/0x0000000800c03800::invoke (25 bytes)
Event: 3.283 Thread 0x000001dfff8a0a00 nmethod 2461 0x000001dff8dc3190 code [0x000001dff8dc3340, 0x000001dff8dc34b8]
Event: 3.286 Thread 0x000001dffedcac70 2462       1       java.util.HashSet::remove (20 bytes)
Event: 3.286 Thread 0x000001dfff895ce0 2463       1       java.util.LinkedHashSet::<init> (10 bytes)
Event: 3.286 Thread 0x000001dfff8a3160 2464       1       java.util.TreeMap::rotateLeft (96 bytes)
Event: 3.286 Thread 0x000001dffedcac70 nmethod 2462 0x000001dff8dc3610 code [0x000001dff8dc37a0, 0x000001dff8dc38c8]
Event: 3.287 Thread 0x000001dfff8a3160 nmethod 2464 0x000001dff8dc3990 code [0x000001dff8dc3b40, 0x000001dff8dc3f38]
Event: 3.287 Thread 0x000001dfff895ce0 nmethod 2463 0x000001dff8dc4090 code [0x000001dff8dc4260, 0x000001dff8dc4448]
Event: 3.295 Thread 0x000001dfff895ce0 2465       1       org.springframework.boot.autoconfigure.AutoConfigurationMetadataLoader$PropertiesAutoConfigurationMetadata::get (8 bytes)
Event: 3.295 Thread 0x000001dfff8a3160 2466       1       org.springframework.boot.autoconfigure.AutoConfigurationMetadataLoader$PropertiesAutoConfigurationMetadata::get (28 bytes)
Event: 3.296 Thread 0x000001dfff8a3160 nmethod 2466 0x000001dff8dc4590 code [0x000001dff8dc47a0, 0x000001dff8dc4b58]
Event: 3.296 Thread 0x000001dfff895ce0 nmethod 2465 0x000001dff8dc5190 code [0x000001dff8dc53a0, 0x000001dff8dc5738]

GC Heap History (13 events):
Event: 1.296 GC heap before
{Heap before GC invocations=0 (full 0):
 garbage-first heap   total 129024K, used 23552K [0x0000000083a00000, 0x0000000100000000)
  region size 1024K, 23 young (23552K), 0 survivors (0K)
 Metaspace       used 5549K, committed 5760K, reserved 1056768K
  class space    used 668K, committed 768K, reserved 1048576K
}
Event: 1.303 GC heap after
{Heap after GC invocations=1 (full 0):
 garbage-first heap   total 129024K, used 7509K [0x0000000083a00000, 0x0000000100000000)
  region size 1024K, 3 young (3072K), 3 survivors (3072K)
 Metaspace       used 5549K, committed 5760K, reserved 1056768K
  class space    used 668K, committed 768K, reserved 1048576K
}
Event: 1.650 GC heap before
{Heap before GC invocations=1 (full 0):
 garbage-first heap   total 129024K, used 33109K [0x0000000083a00000, 0x0000000100000000)
  region size 1024K, 29 young (29696K), 3 survivors (3072K)
 Metaspace       used 8060K, committed 8256K, reserved 1056768K
  class space    used 1002K, committed 1088K, reserved 1048576K
}
Event: 1.657 GC heap after
{Heap after GC invocations=2 (full 0):
 garbage-first heap   total 129024K, used 8652K [0x0000000083a00000, 0x0000000100000000)
  region size 1024K, 2 young (2048K), 2 survivors (2048K)
 Metaspace       used 8060K, committed 8256K, reserved 1056768K
  class space    used 1002K, committed 1088K, reserved 1048576K
}
Event: 1.693 GC heap before
{Heap before GC invocations=2 (full 0):
 garbage-first heap   total 129024K, used 82380K [0x0000000083a00000, 0x0000000100000000)
  region size 1024K, 75 young (76800K), 2 survivors (2048K)
 Metaspace       used 8060K, committed 8256K, reserved 1056768K
  class space    used 1002K, committed 1088K, reserved 1048576K
}
Event: 1.695 GC heap after
{Heap after GC invocations=3 (full 0):
 garbage-first heap   total 129024K, used 8756K [0x0000000083a00000, 0x0000000100000000)
  region size 1024K, 2 young (2048K), 2 survivors (2048K)
 Metaspace       used 8060K, committed 8256K, reserved 1056768K
  class space    used 1002K, committed 1088K, reserved 1048576K
}
Event: 2.685 GC heap before
{Heap before GC invocations=3 (full 0):
 garbage-first heap   total 129024K, used 82484K [0x0000000083a00000, 0x0000000100000000)
  region size 1024K, 75 young (76800K), 2 survivors (2048K)
 Metaspace       used 14208K, committed 14528K, reserved 1064960K
  class space    used 1923K, committed 2112K, reserved 1048576K
}
Event: 2.688 GC heap after
{Heap after GC invocations=4 (full 0):
 garbage-first heap   total 129024K, used 10323K [0x0000000083a00000, 0x0000000100000000)
  region size 1024K, 3 young (3072K), 3 survivors (3072K)
 Metaspace       used 14208K, committed 14528K, reserved 1064960K
  class space    used 1923K, committed 2112K, reserved 1048576K
}
Event: 3.150 GC heap before
{Heap before GC invocations=4 (full 0):
 garbage-first heap   total 129024K, used 83027K [0x0000000083a00000, 0x0000000100000000)
  region size 1024K, 75 young (76800K), 3 survivors (3072K)
 Metaspace       used 19123K, committed 19392K, reserved 1073152K
  class space    used 2611K, committed 2752K, reserved 1048576K
}
Event: 3.155 GC heap after
{Heap after GC invocations=5 (full 0):
 garbage-first heap   total 129024K, used 12279K [0x0000000083a00000, 0x0000000100000000)
  region size 1024K, 5 young (5120K), 5 survivors (5120K)
 Metaspace       used 19123K, committed 19392K, reserved 1073152K
  class space    used 2611K, committed 2752K, reserved 1048576K
}
Event: 3.165 GC heap before
{Heap before GC invocations=5 (full 0):
 garbage-first heap   total 129024K, used 82935K [0x0000000083a00000, 0x0000000100000000)
  region size 1024K, 75 young (76800K), 5 survivors (5120K)
 Metaspace       used 19141K, committed 19456K, reserved 1073152K
  class space    used 2613K, committed 2752K, reserved 1048576K
}
Event: 3.169 GC heap after
{Heap after GC invocations=6 (full 0):
 garbage-first heap   total 129024K, used 12766K [0x0000000083a00000, 0x0000000100000000)
  region size 1024K, 6 young (6144K), 6 survivors (6144K)
 Metaspace       used 19141K, committed 19456K, reserved 1073152K
  class space    used 2613K, committed 2752K, reserved 1048576K
}
Event: 3.298 GC heap before
{Heap before GC invocations=6 (full 0):
 garbage-first heap   total 129024K, used 30174K [0x0000000083a00000, 0x0000000100000000)
  region size 1024K, 25 young (25600K), 6 survivors (6144K)
 Metaspace       used 21181K, committed 21504K, reserved 1073152K
  class space    used 2826K, committed 3008K, reserved 1048576K
}

Deoptimization events (20 events):
Event: 3.289 Thread 0x000001dfff88d510 DEOPT PACKING pc=0x000001dff8b6d05c sp=0x000000d73ddfc610
Event: 3.289 Thread 0x000001dfff88d510 DEOPT UNPACKING pc=0x000001dff8766763 sp=0x000000d73ddfbaa8 mode 1
Event: 3.289 Thread 0x000001dfff88d510 DEOPT PACKING pc=0x000001dff8b6c2fc sp=0x000000d73ddfc6e0
Event: 3.289 Thread 0x000001dfff88d510 DEOPT UNPACKING pc=0x000001dff8766763 sp=0x000000d73ddfbb98 mode 1
Event: 3.289 Thread 0x000001dfff88d510 DEOPT PACKING pc=0x000001dff8b31ed4 sp=0x000000d73ddfd0c0
Event: 3.289 Thread 0x000001dfff88d510 DEOPT UNPACKING pc=0x000001dff8766763 sp=0x000000d73ddfc5b0 mode 1
Event: 3.289 Thread 0x000001dfff88d510 DEOPT PACKING pc=0x000001dff8b6c2fc sp=0x000000d73ddfd230
Event: 3.289 Thread 0x000001dfff88d510 DEOPT UNPACKING pc=0x000001dff8766763 sp=0x000000d73ddfc6e8 mode 1
Event: 3.289 Thread 0x000001dfff88d510 DEOPT PACKING pc=0x000001dff8b31ed4 sp=0x000000d73ddfdc10
Event: 3.289 Thread 0x000001dfff88d510 DEOPT UNPACKING pc=0x000001dff8766763 sp=0x000000d73ddfd100 mode 1
Event: 3.296 Thread 0x000001dfff88d510 DEOPT PACKING pc=0x000001dff8b6d05c sp=0x000000d73ddfc4f0
Event: 3.296 Thread 0x000001dfff88d510 DEOPT UNPACKING pc=0x000001dff8766763 sp=0x000000d73ddfb988 mode 1
Event: 3.296 Thread 0x000001dfff88d510 DEOPT PACKING pc=0x000001dff8b6c2fc sp=0x000000d73ddfc5c0
Event: 3.296 Thread 0x000001dfff88d510 DEOPT UNPACKING pc=0x000001dff8766763 sp=0x000000d73ddfba78 mode 1
Event: 3.296 Thread 0x000001dfff88d510 DEOPT PACKING pc=0x000001dff8b31ed4 sp=0x000000d73ddfcfa0
Event: 3.296 Thread 0x000001dfff88d510 DEOPT UNPACKING pc=0x000001dff8766763 sp=0x000000d73ddfc490 mode 1
Event: 3.296 Thread 0x000001dfff88d510 DEOPT PACKING pc=0x000001dff8b6c2fc sp=0x000000d73ddfd110
Event: 3.296 Thread 0x000001dfff88d510 DEOPT UNPACKING pc=0x000001dff8766763 sp=0x000000d73ddfc5c8 mode 1
Event: 3.296 Thread 0x000001dfff88d510 DEOPT PACKING pc=0x000001dff8b31ed4 sp=0x000000d73ddfdaf0
Event: 3.296 Thread 0x000001dfff88d510 DEOPT UNPACKING pc=0x000001dff8766763 sp=0x000000d73ddfcfe0 mode 1

Classes unloaded (0 events):
No events

Classes redefined (0 events):
No events

Internal exceptions (20 events):
Event: 2.320 Thread 0x000001dfff88d510 Exception <a 'java/lang/NoSuchMethodError'{0x0000000087fa16f0}: 'java.lang.Object java.lang.invoke.DirectMethodHandle$Holder.newInvokeSpecial(java.lang.Object, java.lang.Object, java.lang.Object, int, java.lang.Object)'> (0x0000000087fa16f0) 
thrown [t:\workspace\open\src\hotspot\share\interpreter\linkResolver.cpp, line 766]
Event: 2.321 Thread 0x000001dfff88d510 Exception <a 'java/lang/NoSuchMethodError'{0x0000000087fa90c0}: 'java.lang.Object java.lang.invoke.Invokers$Holder.linkToTargetMethod(java.lang.Object, java.lang.Object, int, java.lang.Object, java.lang.Object)'> (0x0000000087fa90c0) 
thrown [t:\workspace\open\src\hotspot\share\interpreter\linkResolver.cpp, line 766]
Event: 2.322 Thread 0x000001dfff88d510 Exception <a 'java/lang/NoSuchMethodError'{0x0000000087fb9ad8}: 'java.lang.Object java.lang.invoke.DirectMethodHandle$Holder.newInvokeSpecial(java.lang.Object, int, java.lang.Object)'> (0x0000000087fb9ad8) 
thrown [t:\workspace\open\src\hotspot\share\interpreter\linkResolver.cpp, line 766]
Event: 2.323 Thread 0x000001dfff88d510 Exception <a 'java/lang/NoSuchMethodError'{0x0000000087fbdad8}: 'int java.lang.invoke.DirectMethodHandle$Holder.invokeSpecialIFC(java.lang.Object, java.lang.Object, java.lang.Object, java.lang.Object)'> (0x0000000087fbdad8) 
thrown [t:\workspace\open\src\hotspot\share\interpreter\linkResolver.cpp, line 766]
Event: 2.346 Thread 0x000001dfff88d510 Exception <a 'java/lang/NoSuchMethodError'{0x0000000087e8f898}: 'void java.lang.invoke.DirectMethodHandle$Holder.invokeInterface(java.lang.Object, java.lang.Object, java.lang.Object)'> (0x0000000087e8f898) 
thrown [t:\workspace\open\src\hotspot\share\interpreter\linkResolver.cpp, line 766]
Event: 2.385 Thread 0x000001dfff88d510 Exception <a 'java/lang/NoSuchMethodError'{0x0000000087d47258}: 'java.lang.Object java.lang.invoke.DirectMethodHandle$Holder.invokeVirtual(java.lang.Object, java.lang.Object, java.lang.Object)'> (0x0000000087d47258) 
thrown [t:\workspace\open\src\hotspot\share\interpreter\linkResolver.cpp, line 766]
Event: 2.422 Thread 0x000001dfff88d510 Exception <a 'java/lang/NoSuchMethodError'{0x0000000087c4ac38}: 'void java.lang.invoke.DirectMethodHandle$Holder.invokeStatic(java.lang.Object, java.lang.Object, int)'> (0x0000000087c4ac38) 
thrown [t:\workspace\open\src\hotspot\share\interpreter\linkResolver.cpp, line 766]
Event: 2.427 Thread 0x000001dfff88d510 Exception <a 'java/lang/NoSuchMethodError'{0x0000000087c672d0}: 'void java.lang.invoke.DirectMethodHandle$Holder.invokeStaticInit(java.lang.Object, java.lang.Object, java.lang.Object)'> (0x0000000087c672d0) 
thrown [t:\workspace\open\src\hotspot\share\interpreter\linkResolver.cpp, line 766]
Event: 2.434 Thread 0x000001dfff88d510 Exception <a 'java/lang/NoSuchMethodError'{0x0000000087cc74e0}: 'java.lang.Object java.lang.invoke.DirectMethodHandle$Holder.invokeStatic(java.lang.Object, java.lang.Object, long, java.lang.Object)'> (0x0000000087cc74e0) 
thrown [t:\workspace\open\src\hotspot\share\interpreter\linkResolver.cpp, line 766]
Event: 2.434 Thread 0x000001dfff88d510 Exception <a 'java/lang/NoSuchMethodError'{0x0000000087ccaf78}: 'java.lang.Object java.lang.invoke.DirectMethodHandle$Holder.invokeStaticInit(java.lang.Object, java.lang.Object, long, java.lang.Object)'> (0x0000000087ccaf78) 
thrown [t:\workspace\open\src\hotspot\share\interpreter\linkResolver.cpp, line 766]
Event: 2.434 Thread 0x000001dfff88d510 Exception <a 'java/lang/NoSuchMethodError'{0x0000000087cd14f8}: 'java.lang.Object java.lang.invoke.DirectMethodHandle$Holder.newInvokeSpecial(java.lang.Object, java.lang.Object, long)'> (0x0000000087cd14f8) 
thrown [t:\workspace\open\src\hotspot\share\interpreter\linkResolver.cpp, line 766]
Event: 2.453 Thread 0x000001dfff88d510 Exception <a 'java/lang/NoSuchMethodError'{0x0000000087b415e0}: 'void java.lang.invoke.DirectMethodHandle$Holder.invokeVirtual(java.lang.Object, java.lang.Object, java.lang.Object, java.lang.Object)'> (0x0000000087b415e0) 
thrown [t:\workspace\open\src\hotspot\share\interpreter\linkResolver.cpp, line 766]
Event: 2.518 Thread 0x000001dfff88d510 Exception <a 'java/lang/NoSuchMethodError'{0x0000000087ae2770}: 'void java.lang.invoke.DirectMethodHandle$Holder.invokeSpecial(java.lang.Object, java.lang.Object, java.lang.Object)'> (0x0000000087ae2770) 
thrown [t:\workspace\open\src\hotspot\share\interpreter\linkResolver.cpp, line 766]
Event: 2.526 Thread 0x000001dfff88e380 Exception <a 'java/lang/reflect/InvocationTargetException'{0x00000000888d4878}> (0x00000000888d4878) 
thrown [t:\workspace\open\src\hotspot\share\runtime\reflection.cpp, line 1121]
Event: 2.527 Thread 0x000001dfff88d510 Exception <a 'java/lang/IncompatibleClassChangeError'{0x0000000087919520}: Found class java.lang.Object, but interface was expected> (0x0000000087919520) 
thrown [t:\workspace\open\src\hotspot\share\interpreter\linkResolver.cpp, line 833]
Event: 2.908 Thread 0x000001dfff88d510 Exception <a 'sun/nio/fs/WindowsException'{0x000000008a99aae8}> (0x000000008a99aae8) 
thrown [t:\workspace\open\src\hotspot\share\prims\jni.cpp, line 516]
Event: 2.910 Thread 0x000001dfff88d510 Exception <a 'java/lang/NoSuchMethodError'{0x000000008a99c2a0}: 'int java.lang.invoke.DirectMethodHandle$Holder.invokeSpecial(java.lang.Object, java.lang.Object, java.lang.Object, java.lang.Object, java.lang.Object)'> (0x000000008a99c2a0) 
thrown [t:\workspace\open\src\hotspot\share\interpreter\linkResolver.cpp, line 766]
Event: 2.913 Thread 0x000001dfff88d510 Exception <a 'java/lang/NoSuchMethodError'{0x000000008a9a90a0}: 'void java.lang.invoke.DirectMethodHandle$Holder.invokeVirtual(java.lang.Object, java.lang.Object)'> (0x000000008a9a90a0) 
thrown [t:\workspace\open\src\hotspot\share\interpreter\linkResolver.cpp, line 766]
Event: 2.957 Thread 0x000001dfff88d510 Implicit null exception at 0x000001dff8d0f35a to 0x000001dff8d0fb23
Event: 3.040 Thread 0x000001dfff88e380 Exception <a 'java/lang/reflect/InvocationTargetException'{0x000000008a1f3400}> (0x000000008a1f3400) 
thrown [t:\workspace\open\src\hotspot\share\runtime\reflection.cpp, line 1121]

VM Operations (20 events):
Event: 2.439 Executing VM operation: ICBufferFull done
Event: 2.505 Executing VM operation: HandshakeAllThreads
Event: 2.505 Executing VM operation: HandshakeAllThreads done
Event: 2.514 Executing VM operation: HandshakeAllThreads
Event: 2.514 Executing VM operation: HandshakeAllThreads done
Event: 2.685 Executing VM operation: G1CollectForAllocation
Event: 2.688 Executing VM operation: G1CollectForAllocation done
Event: 2.689 Executing VM operation: Cleanup
Event: 2.689 Executing VM operation: Cleanup done
Event: 2.803 Executing VM operation: HandshakeAllThreads
Event: 2.803 Executing VM operation: HandshakeAllThreads done
Event: 2.872 Executing VM operation: HandshakeAllThreads
Event: 2.872 Executing VM operation: HandshakeAllThreads done
Event: 3.150 Executing VM operation: G1CollectForAllocation
Event: 3.155 Executing VM operation: G1CollectForAllocation done
Event: 3.155 Executing VM operation: Cleanup
Event: 3.156 Executing VM operation: Cleanup done
Event: 3.165 Executing VM operation: G1CollectForAllocation
Event: 3.169 Executing VM operation: G1CollectForAllocation done
Event: 3.298 Executing VM operation: CollectForMetadataAllocation

Events (20 events):
Event: 3.294 loading class com/fasterxml/jackson/databind/deser/std/ArrayBlockingQueueDeserializer
Event: 3.294 loading class com/fasterxml/jackson/databind/deser/std/ArrayBlockingQueueDeserializer done
Event: 3.294 loading class org/springframework/jdbc/core/namedparam/NamedParameterJdbcOperations
Event: 3.294 loading class org/springframework/jdbc/core/namedparam/NamedParameterJdbcOperations done
Event: 3.294 loading class com/fasterxml/jackson/databind/deser/std/CollectionDeserializer
Event: 3.294 loading class com/fasterxml/jackson/databind/deser/std/CollectionDeserializer done
Event: 3.295 loading class org/springframework/boot/jdbc/XADataSourceWrapper
Event: 3.295 loading class org/springframework/boot/jdbc/XADataSourceWrapper done
Event: 3.295 loading class com/fasterxml/jackson/databind/deser/std/StringCollectionDeserializer
Event: 3.295 loading class com/fasterxml/jackson/databind/deser/std/StringCollectionDeserializer done
Event: 3.295 loading class org/springframework/mail/javamail/JavaMailSenderImpl
Event: 3.295 loading class org/springframework/mail/javamail/JavaMailSenderImpl done
Event: 3.296 loading class com/fasterxml/jackson/databind/deser/std/UntypedObjectDeserializer
Event: 3.296 loading class com/fasterxml/jackson/databind/deser/std/UntypedObjectDeserializer done
Event: 3.296 loading class org/springframework/boot/autoconfigure/AutoConfigurationImportListener
Event: 3.296 loading class org/springframework/boot/autoconfigure/AutoConfigurationImportListener done
Event: 3.297 loading class com/fasterxml/jackson/databind/deser/std/StringDeserializer
Event: 3.297 loading class com/fasterxml/jackson/databind/deser/std/StringDeserializer done
Event: 3.297 loading class org/springframework/boot/autoconfigure/condition/ConditionEvaluationReportAutoConfigurationImportListener
Event: 3.297 loading class org/springframework/boot/autoconfigure/condition/ConditionEvaluationReportAutoConfigurationImportListener done


Dynamic libraries:
0x00007ff7a4ab0000 - 0x00007ff7a4ac0000 	C:\Program Files\Java\jdk-17.0.1\bin\java.exe
0x00007ff9b8190000 - 0x00007ff9b8388000 	C:\WINDOWS\SYSTEM32\ntdll.dll
0x00007ff9b8080000 - 0x00007ff9b8141000 	C:\WINDOWS\System32\KERNEL32.DLL
0x00007ff9b5aa0000 - 0x00007ff9b5d9d000 	C:\WINDOWS\System32\KERNELBASE.dll
0x00007ff9b5840000 - 0x00007ff9b5940000 	C:\WINDOWS\System32\ucrtbase.dll
0x00007ff981350000 - 0x00007ff98136a000 	C:\Program Files\Java\jdk-17.0.1\bin\VCRUNTIME140.dll
0x00007ff981440000 - 0x00007ff981458000 	C:\Program Files\Java\jdk-17.0.1\bin\jli.dll
0x00007ff9b6920000 - 0x00007ff9b69d0000 	C:\WINDOWS\System32\ADVAPI32.dll
0x00007ff9b7450000 - 0x00007ff9b74ee000 	C:\WINDOWS\System32\msvcrt.dll
0x00007ff9b61c0000 - 0x00007ff9b6260000 	C:\WINDOWS\System32\sechost.dll
0x00007ff9b67f0000 - 0x00007ff9b6913000 	C:\WINDOWS\System32\RPCRT4.dll
0x00007ff9b6020000 - 0x00007ff9b6047000 	C:\WINDOWS\System32\bcrypt.dll
0x00007ff9b7cb0000 - 0x00007ff9b7e4d000 	C:\WINDOWS\System32\USER32.dll
0x00007ff9b6050000 - 0x00007ff9b6072000 	C:\WINDOWS\System32\win32u.dll
0x00007ff9a0cf0000 - 0x00007ff9a0f8a000 	C:\WINDOWS\WinSxS\amd64_microsoft.windows.common-controls_6595b64144ccf1df_6.0.19041.4355_none_60b8b9eb71f62e16\COMCTL32.dll
0x00007ff9b6260000 - 0x00007ff9b628b000 	C:\WINDOWS\System32\GDI32.dll
0x00007ff9b5da0000 - 0x00007ff9b5eb7000 	C:\WINDOWS\System32\gdi32full.dll
0x00007ff9b5990000 - 0x00007ff9b5a2d000 	C:\WINDOWS\System32\msvcp_win.dll
0x00007ff9acdf0000 - 0x00007ff9acdfa000 	C:\WINDOWS\SYSTEM32\VERSION.dll
0x00007ff9b62a0000 - 0x00007ff9b62cf000 	C:\WINDOWS\System32\IMM32.DLL
0x00007ff9acc70000 - 0x00007ff9acc7c000 	C:\Program Files\Java\jdk-17.0.1\bin\vcruntime140_1.dll
0x00007ff94c480000 - 0x00007ff94c50d000 	C:\Program Files\Java\jdk-17.0.1\bin\msvcp140.dll
0x00007ff91aec0000 - 0x00007ff91ba7e000 	C:\Program Files\Java\jdk-17.0.1\bin\server\jvm.dll
0x00007ff9b6290000 - 0x00007ff9b6298000 	C:\WINDOWS\System32\PSAPI.DLL
0x00007ff99cec0000 - 0x00007ff99cec9000 	C:\WINDOWS\SYSTEM32\WSOCK32.dll
0x00007ff9b3db0000 - 0x00007ff9b3dd7000 	C:\WINDOWS\SYSTEM32\WINMM.dll
0x00007ff9b71a0000 - 0x00007ff9b720b000 	C:\WINDOWS\System32\WS2_32.dll
0x00007ff9b4010000 - 0x00007ff9b4022000 	C:\WINDOWS\SYSTEM32\kernel.appcore.dll
0x00007ff9acc50000 - 0x00007ff9acc5a000 	C:\Program Files\Java\jdk-17.0.1\bin\jimage.dll
0x00007ff9b3bc0000 - 0x00007ff9b3da4000 	C:\WINDOWS\SYSTEM32\DBGHELP.DLL
0x00007ff9b3b80000 - 0x00007ff9b3bb4000 	C:\WINDOWS\SYSTEM32\dbgcore.DLL
0x00007ff9b6130000 - 0x00007ff9b61b2000 	C:\WINDOWS\System32\bcryptPrimitives.dll
0x00007ff98c4e0000 - 0x00007ff98c51b000 	C:\Program Files\Java\jdk-17.0.1\bin\jdwp.dll
0x00007ff9964c0000 - 0x00007ff9964ce000 	C:\Program Files\Java\jdk-17.0.1\bin\instrument.dll
0x00007ff980670000 - 0x00007ff980695000 	C:\Program Files\Java\jdk-17.0.1\bin\java.dll
0x00007ff9733a0000 - 0x00007ff9733b8000 	C:\Program Files\Java\jdk-17.0.1\bin\zip.dll
0x00007ff9496f0000 - 0x00007ff9497c6000 	C:\Program Files\Java\jdk-17.0.1\bin\svml.dll
0x00007ff9b6a30000 - 0x00007ff9b719f000 	C:\WINDOWS\System32\SHELL32.dll
0x00007ff9b3310000 - 0x00007ff9b3aaf000 	C:\WINDOWS\SYSTEM32\windows.storage.dll
0x00007ff9b62d0000 - 0x00007ff9b6623000 	C:\WINDOWS\System32\combase.dll
0x00007ff9b5260000 - 0x00007ff9b528e000 	C:\WINDOWS\SYSTEM32\Wldp.dll
0x00007ff9b7bc0000 - 0x00007ff9b7c8d000 	C:\WINDOWS\System32\OLEAUT32.dll
0x00007ff9b75b0000 - 0x00007ff9b765d000 	C:\WINDOWS\System32\SHCORE.dll
0x00007ff9b73f0000 - 0x00007ff9b7445000 	C:\WINDOWS\System32\shlwapi.dll
0x00007ff9b5770000 - 0x00007ff9b5794000 	C:\WINDOWS\SYSTEM32\profapi.dll
0x00007ff9964b0000 - 0x00007ff9964bc000 	C:\Program Files\Java\jdk-17.0.1\bin\dt_socket.dll
0x00007ff9b4c20000 - 0x00007ff9b4c5b000 	C:\WINDOWS\SYSTEM32\IPHLPAPI.DLL
0x00007ff9b4f70000 - 0x00007ff9b4fda000 	C:\WINDOWS\system32\mswsock.dll
0x00007ff97ab90000 - 0x00007ff97aba9000 	C:\Program Files\Java\jdk-17.0.1\bin\net.dll
0x00007ff9ac840000 - 0x00007ff9ac94d000 	C:\WINDOWS\SYSTEM32\WINHTTP.dll
0x00007ff97a8e0000 - 0x00007ff97a8f5000 	C:\Program Files\Java\jdk-17.0.1\bin\nio.dll
0x00007ff9b4c70000 - 0x00007ff9b4d3a000 	C:\WINDOWS\SYSTEM32\DNSAPI.dll
0x00007ff9b7660000 - 0x00007ff9b7668000 	C:\WINDOWS\System32\NSI.dll
0x00007ff9ade50000 - 0x00007ff9ade5a000 	C:\Windows\System32\rasadhlp.dll
0x00007ff9aa500000 - 0x00007ff9aa580000 	C:\WINDOWS\System32\fwpuclnt.dll
0x00007ff9964a0000 - 0x00007ff9964a9000 	C:\Program Files\Java\jdk-17.0.1\bin\management.dll
0x00007ff9869b0000 - 0x00007ff9869bb000 	C:\Program Files\Java\jdk-17.0.1\bin\management_ext.dll
0x00007ff9b5160000 - 0x00007ff9b5178000 	C:\WINDOWS\SYSTEM32\CRYPTSP.dll
0x00007ff9b4830000 - 0x00007ff9b4864000 	C:\WINDOWS\system32\rsaenh.dll
0x00007ff9b5720000 - 0x00007ff9b574e000 	C:\WINDOWS\SYSTEM32\USERENV.dll
0x00007ff9b5150000 - 0x00007ff9b515c000 	C:\WINDOWS\SYSTEM32\CRYPTBASE.dll
0x00007ff9ad760000 - 0x00007ff9ad777000 	C:\WINDOWS\SYSTEM32\dhcpcsvc6.DLL
0x00007ff9ae090000 - 0x00007ff9ae0ad000 	C:\WINDOWS\SYSTEM32\dhcpcsvc.DLL
0x00007ff995e90000 - 0x00007ff995ea7000 	C:\WINDOWS\system32\napinsp.dll
0x00007ff995e70000 - 0x00007ff995e8b000 	C:\WINDOWS\system32\pnrpnsp.dll
0x00007ff9b1bb0000 - 0x00007ff9b1bc5000 	C:\WINDOWS\system32\wshbth.dll
0x00007ff9aff60000 - 0x00007ff9aff7d000 	C:\WINDOWS\system32\NLAapi.dll
0x00007ff995e00000 - 0x00007ff995e12000 	C:\WINDOWS\System32\winrnr.dll

dbghelp: loaded successfully - version: 4.0.5 - missing functions: none
symbol engine: initialized successfully - sym options: 0x614 - pdb path: .;C:\Program Files\Java\jdk-17.0.1\bin;C:\WINDOWS\SYSTEM32;C:\WINDOWS\WinSxS\amd64_microsoft.windows.common-controls_6595b64144ccf1df_6.0.19041.4355_none_60b8b9eb71f62e16;C:\Program Files\Java\jdk-17.0.1\bin\server

VM Arguments:
jvm_args: -agentlib:jdwp=transport=dt_socket,address=127.0.0.1:56106,suspend=y,server=n -XX:TieredStopAtLevel=1 -Dspring.output.ansi.enabled=always -Dcom.sun.management.jmxremote -Dspring.jmx.enabled=true -Dspring.liveBeansView.mbeanDomain -Dspring.application.admin.enabled=true -Dmanagement.endpoints.jmx.exposure.include=* -javaagent:C:\Users\User\AppData\Local\JetBrains\IntelliJIdea2023.2\captureAgent\debugger-agent.jar -Dfile.encoding=UTF-8 
java_command: com.healthcare_app.medicalrecords_service.MedicalrecordsServiceApplication
java_class_path (initial): C:\Users\User\Desktop\Healthcare Mangement\medicalrecords-service\target\classes;C:\Users\User\.m2\repository\org\springframework\boot\spring-boot-starter-data-mongodb\3.3.1\spring-boot-starter-data-mongodb-3.3.1.jar;C:\Users\User\.m2\repository\org\springframework\boot\spring-boot-starter\3.3.1\spring-boot-starter-3.3.1.jar;C:\Users\User\.m2\repository\org\springframework\boot\spring-boot-starter-logging\3.3.1\spring-boot-starter-logging-3.3.1.jar;C:\Users\User\.m2\repository\ch\qos\logback\logback-classic\1.5.6\logback-classic-1.5.6.jar;C:\Users\User\.m2\repository\ch\qos\logback\logback-core\1.5.6\logback-core-1.5.6.jar;C:\Users\User\.m2\repository\org\apache\logging\log4j\log4j-to-slf4j\2.23.1\log4j-to-slf4j-2.23.1.jar;C:\Users\User\.m2\repository\org\apache\logging\log4j\log4j-api\2.23.1\log4j-api-2.23.1.jar;C:\Users\User\.m2\repository\org\slf4j\jul-to-slf4j\2.0.13\jul-to-slf4j-2.0.13.jar;C:\Users\User\.m2\repository\jakarta\annotation\jakarta.annotation-api\2.1.1\jakarta.annotation-api-2.1.1.jar;C:\Users\User\.m2\repository\org\yaml\snakeyaml\2.2\snakeyaml-2.2.jar;C:\Users\User\.m2\repository\org\springframework\data\spring-data-mongodb\4.3.1\spring-data-mongodb-4.3.1.jar;C:\Users\User\.m2\repository\org\springframework\spring-tx\6.1.10\spring-tx-6.1.10.jar;C:\Users\User\.m2\repository\org\springframework\spring-context\6.1.10\spring-context-6.1.10.jar;C:\Users\User\.m2\repository\org\springframework\spring-beans\6.1.10\spring-beans-6.1.10.jar;C:\Users\User\.m2\repository\org\springframework\spring-expression\6.1.10\spring-expression-6.1.10.jar;C:\Users\User\.m2\repository\org\springframework\data\spring-data-commons\3.3.1\spring-data-commons-3.3.1.jar;C:\Users\User\.m2\repository\org\slf4j\slf4j-api\2.0.13\slf4j-api-2.0.13.jar;C:\Users\User\.m2\repository\org\mongodb\mongodb-driver-sync\4.6.0\mongodb-driver-sync-4.6.0.jar;C:\Users\User\.m2\repository\org\mongodb\bson\5.0.1\bson-5.0.1.jar;C:\Users\User\.m2\repository\org\springfra
Launcher Type: SUN_STANDARD

[Global flags]
     intx CICompilerCount                          = 4                                         {product} {ergonomic}
     uint ConcGCThreads                            = 2                                         {product} {ergonomic}
     uint G1ConcRefinementThreads                  = 8                                         {product} {ergonomic}
   size_t G1HeapRegionSize                         = 1048576                                   {product} {ergonomic}
    uintx GCDrainStackTargetSize                   = 64                                        {product} {ergonomic}
   size_t InitialHeapSize                          = 132120576                                 {product} {ergonomic}
     bool ManagementServer                         = true                                      {product} {command line}
   size_t MarkStackSize                            = 4194304                                   {product} {ergonomic}
   size_t MaxHeapSize                              = 2086666240                                {product} {ergonomic}
   size_t MaxNewSize                               = 1251999744                                {product} {ergonomic}
   size_t MinHeapDeltaBytes                        = 1048576                                   {product} {ergonomic}
   size_t MinHeapSize                              = 8388608                                   {product} {ergonomic}
    uintx NonProfiledCodeHeapSize                  = 0                                      {pd product} {ergonomic}
     bool ProfileInterpreter                       = false                                  {pd product} {command line}
    uintx ProfiledCodeHeapSize                     = 0                                      {pd product} {ergonomic}
   size_t SoftMaxHeapSize                          = 2086666240                             {manageable} {ergonomic}
     intx TieredStopAtLevel                        = 1                                         {product} {command line}
     bool UseCompressedClassPointers               = true                           {product lp64_product} {ergonomic}
     bool UseCompressedOops                        = true                           {product lp64_product} {ergonomic}
     bool UseG1GC                                  = true                                      {product} {ergonomic}
     bool UseLargePagesIndividualAllocation        = false                                  {pd product} {ergonomic}

Logging:
Log output configuration:
 #0: stdout all=warning uptime,level,tags
 #1: stderr all=off uptime,level,tags

Environment Variables:
JAVA_HOME=C:\Program Files\Java\jdk-17.0.1
PATH=C:\Program Files\Common Files\Oracle\Java\javapath;C:\Program Files (x86)\Common Files\Oracle\Java\javapath;C:\Windows\system32;C:\Windows;C:\Windows\System32\Wbem;C:\Windows\System32\WindowsPowerShell\v1.0\;C:\Windows\System32\OpenSSH\;C:\Program Files\NVIDIA Corporation\NVIDIA NvDLISR;C:\Program Files (x86)\NVIDIA Corporation\PhysX\Common;C:\WINDOWS\system32;C:\WINDOWS;C:\WINDOWS\System32\Wbem;C:\WINDOWS\System32\WindowsPowerShell\v1.0\;C:\WINDOWS\System32\OpenSSH\;C:\Program Files\dotnet\;C:\Program Files (x86)\dotnet\;C:\Program Files\Cloudflare\Cloudflare WARP\;C:\Program Files\Microsoft SQL Server\150\Tools\Binn\;C:\Program Files\Microsoft SQL Server\Client SDK\ODBC\170\Tools\Binn\;C:\Program Files\nodejs\;C:\flutter\bin;C:\Program Files (x86)\Microsoft SQL Server\160\Tools\Binn\;C:\Program Files\Microsoft SQL Server\160\Tools\Binn\;C:\Program Files\Microsoft SQL Server\160\DTS\Binn\;C:\Program Files (x86)\Microsoft SQL Server\160\DTS\Binn\;C:\Program Files\Azure Data Studio\bin;C:\Users\User\AppData\Local\Pub\Cache\bin;C:\Program Files\Git\bin;C:\Users\User\AppData\Roaming\npm;C:\wamp64\bin\php\php8.1.0;C:\php-8.3.4;C:\ProgramData\ComposerSetup\bin;C:\Program Files\Apache\Maven\apache-maven-3.9.8\bin;C:\Program Files\Java\jdk-17.0.1\bin;C:\Program Files\Docker\Docker\resources\bin;C:\Program Files\PostgreSQL\16\bin;C:\Program Files\Common Files\Oracle\Java\javapath;C:\Program Files (x86)\Common Files\Oracle\Java\javapath;C:\Windows\system32;C:\Windows;C:\Windows\System32\Wbem;C:\Windows\System32\WindowsPowerShell\v1.0\;C:\Windows\System32\OpenSSH\;C:\Program Files\NVIDIA Corporation\NVIDIA NvDLISR;C:\Program Files (x86)\NVIDIA Corporation\PhysX\Common;C:\WINDOWS\system32;C:\WINDOWS;C:\WINDOWS\System32\Wbem;C:\WINDOWS\System32\WindowsPowerShell\v1.0\;C:\WINDOWS\System32\OpenSSH\;C:\Program Files\dotnet\;C:\Program Files (x86)\dotnet\;C:\Program Files\Cloudflare\Cloudflare WARP\;C:\Program Files\Microsoft SQL Server\150\Tools\Binn\;C:\Program Files\Microsoft 
USERNAME=User
OS=Windows_NT
PROCESSOR_IDENTIFIER=Intel64 Family 6 Model 126 Stepping 5, GenuineIntel



---------------  S Y S T E M  ---------------

OS:
 Windows 10 , 64 bit Build 19041 (10.0.19041.4717)
OS uptime: 0 days 8:35 hours
Hyper-V role detected

CPU: total 8 (initial active 8) (4 cores per cpu, 2 threads per core) family 6 model 126 stepping 5 microcode 0xc2, cx8, cmov, fxsr, ht, mmx, 3dnowpref, sse, sse2, sse3, ssse3, sse4.1, sse4.2, popcnt, lzcnt, tsc, tscinvbit, avx, avx2, aes, erms, clmul, bmi1, bmi2, adx, avx512f, avx512dq, avx512cd, avx512bw, avx512vl, sha, fma, vzeroupper, avx512_vpopcntdq, avx512_vpclmulqdq, avx512_vaes, avx512_vnni, clflush, clflushopt, avx512_vbmi2, avx512_vbmi, hv

Memory: 4k page, system-wide physical 7959M (445M free)
TotalPageFile size 20247M (AvailPageFile size 78M)
current process WorkingSet (physical memory assigned to process): 162M, peak: 162M
current process commit charge ("private bytes"): 246M, peak: 372M

vm_info: Java HotSpot(TM) 64-Bit Server VM (17.0.1+12-LTS-39) for windows-amd64 JRE (17.0.1+12-LTS-39), built on Sep 27 2021 18:41:35 by "mach5one" with MS VC++ 16.8 (VS2019)

END.
